#
# There is insufficient memory for the Java Runtime Environment to continue.
# Native memory allocation (mmap) failed to map 318767104 bytes for committing reserved memory.
# Possible reasons:
#   The system is out of physical RAM or swap space
#   In 32 bit mode, the process size limit was hit
# Possible solutions:
#   Reduce memory load on the system
#   Increase physical memory or swap space
#   Check if swap backing store is full
#   Use 64 bit Java on a 64 bit OS
#   Decrease Java heap size (-Xmx/-Xms)
#   Decrease number of Java threads
#   Decrease Java thread stack sizes (-Xss)
#   Set larger code cache with -XX:ReservedCodeCacheSize=
# This output file may be truncated or incomplete.
#
#  Out of Memory Error (os_linux.cpp:2627), pid=10194, tid=0x00007fc75f417700
#
# JRE version: Java(TM) SE Runtime Environment (8.0_92-b14) (build 1.8.0_92-b14)
# Java VM: Java HotSpot(TM) 64-Bit Server VM (25.92-b14 mixed mode linux-amd64 compressed oops)
# Failed to write core dump. Core dumps have been disabled. To enable core dumping, try "ulimit -c unlimited" before starting Java again
#

---------------  T H R E A D  ---------------

Current thread (0x00007fc78013f000):  VMThread [stack: 0x00007fc75f317000,0x00007fc75f418000] [id=10200]

Stack: [0x00007fc75f317000,0x00007fc75f418000],  sp=0x00007fc75f416040,  free space=1020k
Native frames: (J=compiled Java code, j=interpreted, Vv=VM code, C=native code)
V  [libjvm.so+0xabd65a]  VMError::report_and_die()+0x2ba
V  [libjvm.so+0x4fb4db]  report_vm_out_of_memory(char const*, int, unsigned long, VMErrorType, char const*)+0x8b
V  [libjvm.so+0x91d713]  os::Linux::commit_memory_impl(char*, unsigned long, bool)+0x103
V  [libjvm.so+0x91dc69]  os::pd_commit_memory(char*, unsigned long, unsigned long, bool)+0x29
V  [libjvm.so+0x917f6a]  os::commit_memory(char*, unsigned long, unsigned long, bool)+0x2a
V  [libjvm.so+0x98c343]  PSVirtualSpace::expand_by(unsigned long)+0x53
V  [libjvm.so+0x97cc00]  PSOldGen::expand(unsigned long)+0x170
V  [libjvm.so+0x97ce0b]  PSOldGen::resize(unsigned long)+0x1cb
V  [libjvm.so+0x984b11]  PSParallelCompact::invoke_no_policy(bool)+0x991
V  [libjvm.so+0x984e03]  PSParallelCompact::invoke(bool)+0x63
V  [libjvm.so+0x482564]  CollectedHeap::collect_as_vm_thread(GCCause::Cause)+0x114
V  [libjvm.so+0xabead1]  VM_CollectForMetadataAllocation::doit()+0x161
V  [libjvm.so+0xac6aa5]  VM_Operation::evaluate()+0x55
V  [libjvm.so+0xac4e7a]  VMThread::evaluate_operation(VM_Operation*)+0xba
V  [libjvm.so+0xac51fe]  VMThread::loop()+0x1ce
V  [libjvm.so+0xac5670]  VMThread::run()+0x70
V  [libjvm.so+0x91fad8]  java_start(Thread*)+0x108

VM_Operation (0x00007fc72488b9f0): CollectForMetadataAllocation, mode: safepoint, requested by thread 0x00007fc710002800


---------------  P R O C E S S  ---------------

Java Threads: ( => current thread )
  0x00007fc6fc0f6800 JavaThread "Scala Presentation Compiler []" daemon [_thread_blocked, id=11925, stack(0x00007fc75c4d4000,0x00007fc75c5d5000)]
  0x00007fc710002800 JavaThread "pool-6-thread-6" [_thread_blocked, id=11921, stack(0x00007fc724793000,0x00007fc724894000)]
  0x00007fc72c068800 JavaThread "pool-6-thread-5" [_thread_blocked, id=11920, stack(0x00007fc724b97000,0x00007fc724c98000)]
  0x00007fc72c067000 JavaThread "pool-6-thread-4" [_thread_blocked, id=11919, stack(0x00007fc724a96000,0x00007fc724b97000)]
  0x00007fc72c066000 JavaThread "pool-6-thread-3" [_thread_blocked, id=11918, stack(0x00007fc7270b0000,0x00007fc7271b1000)]
  0x00007fc72c065000 JavaThread "pool-6-thread-2" [_thread_blocked, id=11917, stack(0x00007fc726faf000,0x00007fc7270b0000)]
  0x00007fc72c064800 JavaThread "pool-6-thread-1" [_thread_blocked, id=11916, stack(0x00007fc727cfd000,0x00007fc727dfe000)]
  0x00007fc6f8051000 JavaThread "ForkJoinPool-1-worker-1" daemon [_thread_blocked, id=11915, stack(0x00007fc75c5d5000,0x00007fc75c6d6000)]
  0x00007fc6f404b800 JavaThread "netty-event-loop-4" [_thread_blocked, id=11914, stack(0x00007fc75c3d3000,0x00007fc75c4d4000)]
  0x00007fc6f4045000 JavaThread "netty-event-loop-3" [_thread_blocked, id=11913, stack(0x00007fc724894000,0x00007fc724995000)]
  0x00007fc70ca68800 JavaThread "netty-event-loop-2" [_thread_blocked, id=11869, stack(0x00007fc724492000,0x00007fc724593000)]
  0x00007fc6fc006800 JavaThread "play-dev-mode-akka.actor.default-dispatcher-4" [_thread_blocked, id=11864, stack(0x00007fc724995000,0x00007fc724a96000)]
  0x00007fc70c7a1800 JavaThread "play-dev-mode-scheduler-1" [_thread_blocked, id=11848, stack(0x00007fc724e98000,0x00007fc724f99000)]
  0x00007fc70c618800 JavaThread "sbt-play-watch-service" daemon [_thread_blocked, id=11834, stack(0x00007fc725e13000,0x00007fc725f14000)]
  0x00007fc70c617000 JavaThread "Thread-1" daemon [_thread_in_native, id=11833, stack(0x00007fc75c2d2000,0x00007fc75c3d3000)]
  0x00007fc734009800 JavaThread "pool-4-thread-11" [_thread_in_native, id=11832, stack(0x00007fc7271b1000,0x00007fc7272b2000)]
  0x00007fc781977000 JavaThread "sbt-web-akka.actor.default-dispatcher-3" [_thread_blocked, id=10249, stack(0x00007fc727dfe000,0x00007fc727eff000)]
  0x00007fc7814d6800 JavaThread "sbt-web-scheduler-1" [_thread_blocked, id=10247, stack(0x00007fc727eff000,0x00007fc728000000)]
  0x00007fc7801a1000 JavaThread "Service Thread" daemon [_thread_blocked, id=10207, stack(0x00007fc75e52e000,0x00007fc75e62f000)]
  0x00007fc780184000 JavaThread "C1 CompilerThread2" daemon [_thread_blocked, id=10206, stack(0x00007fc75e62f000,0x00007fc75e730000)]
  0x00007fc780182000 JavaThread "C2 CompilerThread1" daemon [_thread_blocked, id=10205, stack(0x00007fc75e730000,0x00007fc75e831000)]
  0x00007fc78017f800 JavaThread "C2 CompilerThread0" daemon [_thread_blocked, id=10204, stack(0x00007fc75e831000,0x00007fc75e932000)]
  0x00007fc78017e000 JavaThread "Signal Dispatcher" daemon [_thread_blocked, id=10203, stack(0x00007fc75e932000,0x00007fc75ea33000)]
  0x00007fc78014b000 JavaThread "Finalizer" daemon [_thread_blocked, id=10202, stack(0x00007fc75f115000,0x00007fc75f216000)]
  0x00007fc780146800 JavaThread "Reference Handler" daemon [_thread_blocked, id=10201, stack(0x00007fc75f216000,0x00007fc75f317000)]
  0x00007fc78000a000 JavaThread "main" [_thread_blocked, id=10195, stack(0x00007fc787b9b000,0x00007fc787c9c000)]

Other Threads:
=>0x00007fc78013f000 VMThread [stack: 0x00007fc75f317000,0x00007fc75f418000] [id=10200]
  0x00007fc7801ac000 WatcherThread [stack: 0x00007fc75e42d000,0x00007fc75e52e000] [id=10208]

VM state:at safepoint (normal execution)

VM Mutex/Monitor currently owned by a thread:  ([mutex/lock_event])
[0x00007fc780005cc0] ExpandHeap_lock - owner thread: 0x00007fc78013f000
[0x00007fc780006340] Threads_lock - owner thread: 0x00007fc78013f000
[0x00007fc780006840] Heap_lock - owner thread: 0x00007fc710002800

Heap:
 PSYoungGen      total 337920K, used 0K [0x00000000e0000000, 0x00000000fd000000, 0x0000000100000000)
  eden space 267776K, 0% used [0x00000000e0000000,0x00000000e0000000,0x00000000f0580000)
  from space 70144K, 0% used [0x00000000f5800000,0x00000000f5800000,0x00000000f9c80000)
  to   space 84480K, 0% used [0x00000000f0580000,0x00000000f0580000,0x00000000f5800000)
 ParOldGen       total 605696K, used 137623K [0x00000000a0000000, 0x00000000c4f80000, 0x00000000e0000000)
  object space 605696K, 22% used [0x00000000a0000000,0x00000000a8665f78,0x00000000c4f80000)
 Metaspace       used 115098K, capacity 115645K, committed 116008K, reserved 1146880K
  class space    used 19324K, capacity 19470K, committed 19496K, reserved 1048576K

Card table byte_map: [0x00007fc784711000,0x00007fc784a12000] byte_map_base: 0x00007fc784211000

Marking Bits: (ParMarkBitMap*) 0x00007fc78706b4c0
 Begin Bits: [0x00007fc761000000, 0x00007fc762800000)
 End Bits:   [0x00007fc762800000, 0x00007fc764000000)

Polling page: 0x00007fc787cb5000

CodeCache: size=196608Kb used=49524Kb max_used=49536Kb free=147083Kb
 bounds [0x00007fc774000000, 0x00007fc7770c0000, 0x00007fc780000000]
 total_blobs=16436 nmethods=15873 adapters=470
 compilation: enabled

Compilation events (10 events):
Event: 2458.700 Thread 0x00007fc78017f800 20076       4       scala.reflect.internal.Symbols$ClassSymbol::name (5 bytes)
Event: 2458.702 Thread 0x00007fc780184000 nmethod 20074 0x00007fc776eefad0 code [0x00007fc776eefc60, 0x00007fc776ef0250]
Event: 2458.702 Thread 0x00007fc780184000 20075       3       scala.reflect.internal.AnnotationInfos$ScalaSigBytes$$anonfun$3::apply (11 bytes)
Event: 2458.702 Thread 0x00007fc780184000 nmethod 20075 0x00007fc7770aef10 code [0x00007fc7770af080, 0x00007fc7770af230]
Event: 2458.702 Thread 0x00007fc780184000 20073       3       scala.collection.TraversableOnce$$anonfun$count$1::apply (33 bytes)
Event: 2458.703 Thread 0x00007fc780184000 nmethod 20073 0x00007fc7770af2d0 code [0x00007fc7770af460, 0x00007fc7770af908]
Event: 2458.708 Thread 0x00007fc78017f800 nmethod 20076 0x00007fc7770b2850 code [0x00007fc7770b29c0, 0x00007fc7770b2b58]
Event: 2458.711 Thread 0x00007fc78017f800 20077       4       scala.tools.nsc.transform.ExplicitOuter$$anonfun$outerAccessor$1::apply (12 bytes)
Event: 2458.714 Thread 0x00007fc78017f800 nmethod 20077 0x00007fc776eef750 code [0x00007fc776eef8a0, 0x00007fc776eef998]
Event: 2458.720 Thread 0x00007fc78017f800 20078       4       scala.collection.immutable.HashSet$HashTrieSet::<init> (40 bytes)

GC Heap History (10 events):
Event: 2190.522 GC heap after
Heap after GC invocations=15 (full 4):
 PSYoungGen      total 291840K, used 28550K [0x00000000e0000000, 0x00000000f4100000, 0x0000000100000000)
  eden space 263168K, 0% used [0x00000000e0000000,0x00000000e0000000,0x00000000f0100000)
  from space 28672K, 99% used [0x00000000f0680000,0x00000000f22618e8,0x00000000f2280000)
  to   space 31232K, 0% used [0x00000000f2280000,0x00000000f2280000,0x00000000f4100000)
 ParOldGen       total 382464K, used 29036K [0x00000000a0000000, 0x00000000b7580000, 0x00000000e0000000)
  object space 382464K, 7% used [0x00000000a0000000,0x00000000a1c5b160,0x00000000b7580000)
 Metaspace       used 68800K, capacity 69338K, committed 69616K, reserved 1105920K
  class space    used 12182K, capacity 12343K, committed 12456K, reserved 1048576K
}
Event: 2190.522 GC heap before
{Heap before GC invocations=16 (full 5):
 PSYoungGen      total 291840K, used 28550K [0x00000000e0000000, 0x00000000f4100000, 0x0000000100000000)
  eden space 263168K, 0% used [0x00000000e0000000,0x00000000e0000000,0x00000000f0100000)
  from space 28672K, 99% used [0x00000000f0680000,0x00000000f22618e8,0x00000000f2280000)
  to   space 31232K, 0% used [0x00000000f2280000,0x00000000f2280000,0x00000000f4100000)
 ParOldGen       total 382464K, used 29036K [0x00000000a0000000, 0x00000000b7580000, 0x00000000e0000000)
  object space 382464K, 7% used [0x00000000a0000000,0x00000000a1c5b160,0x00000000b7580000)
 Metaspace       used 68800K, capacity 69338K, committed 69616K, reserved 1105920K
  class space    used 12182K, capacity 12343K, committed 12456K, reserved 1048576K
Event: 2190.887 GC heap after
Heap after GC invocations=16 (full 5):
 PSYoungGen      total 291840K, used 0K [0x00000000e0000000, 0x00000000f4100000, 0x0000000100000000)
  eden space 263168K, 0% used [0x00000000e0000000,0x00000000e0000000,0x00000000f0100000)
  from space 28672K, 0% used [0x00000000f0680000,0x00000000f0680000,0x00000000f2280000)
  to   space 31232K, 0% used [0x00000000f2280000,0x00000000f2280000,0x00000000f4100000)
 ParOldGen       total 605696K, used 40350K [0x00000000a0000000, 0x00000000c4f80000, 0x00000000e0000000)
  object space 605696K, 6% used [0x00000000a0000000,0x00000000a2767878,0x00000000c4f80000)
 Metaspace       used 68691K, capacity 69152K, committed 69616K, reserved 1105920K
  class space    used 12163K, capacity 12315K, committed 12456K, reserved 1048576K
}
Event: 2423.355 GC heap before
{Heap before GC invocations=17 (full 5):
 PSYoungGen      total 291840K, used 263168K [0x00000000e0000000, 0x00000000f4100000, 0x0000000100000000)
  eden space 263168K, 100% used [0x00000000e0000000,0x00000000f0100000,0x00000000f0100000)
  from space 28672K, 0% used [0x00000000f0680000,0x00000000f0680000,0x00000000f2280000)
  to   space 31232K, 0% used [0x00000000f2280000,0x00000000f2280000,0x00000000f4100000)
 ParOldGen       total 605696K, used 40350K [0x00000000a0000000, 0x00000000c4f80000, 0x00000000e0000000)
  object space 605696K, 6% used [0x00000000a0000000,0x00000000a2767878,0x00000000c4f80000)
 Metaspace       used 92216K, capacity 92760K, committed 93224K, reserved 1126400K
  class space    used 16386K, capacity 16558K, committed 16680K, reserved 1048576K
Event: 2423.526 GC heap after
Heap after GC invocations=17 (full 5):
 PSYoungGen      total 280064K, used 31227K [0x00000000e0000000, 0x00000000f6f00000, 0x0000000100000000)
  eden space 248832K, 0% used [0x00000000e0000000,0x00000000e0000000,0x00000000ef300000)
  from space 31232K, 99% used [0x00000000f2280000,0x00000000f40fed38,0x00000000f4100000)
  to   space 48640K, 0% used [0x00000000ef300000,0x00000000ef300000,0x00000000f2280000)
 ParOldGen       total 605696K, used 72602K [0x00000000a0000000, 0x00000000c4f80000, 0x00000000e0000000)
  object space 605696K, 11% used [0x00000000a0000000,0x00000000a46e68e8,0x00000000c4f80000)
 Metaspace       used 92216K, capacity 92760K, committed 93224K, reserved 1126400K
  class space    used 16386K, capacity 16558K, committed 16680K, reserved 1048576K
}
Event: 2447.211 GC heap before
{Heap before GC invocations=18 (full 5):
 PSYoungGen      total 280064K, used 280059K [0x00000000e0000000, 0x00000000f6f00000, 0x0000000100000000)
  eden space 248832K, 100% used [0x00000000e0000000,0x00000000ef300000,0x00000000ef300000)
  from space 31232K, 99% used [0x00000000f2280000,0x00000000f40fed38,0x00000000f4100000)
  to   space 48640K, 0% used [0x00000000ef300000,0x00000000ef300000,0x00000000f2280000)
 ParOldGen       total 605696K, used 72602K [0x00000000a0000000, 0x00000000c4f80000, 0x00000000e0000000)
  object space 605696K, 11% used [0x00000000a0000000,0x00000000a46e68e8,0x00000000c4f80000)
 Metaspace       used 110307K, capacity 110845K, committed 111400K, reserved 1142784K
  class space    used 18787K, capacity 18958K, committed 18984K, reserved 1048576K
Event: 2447.522 GC heap after
Heap after GC invocations=18 (full 5):
 PSYoungGen      total 297472K, used 48621K [0x00000000e0000000, 0x00000000f9c80000, 0x0000000100000000)
  eden space 248832K, 0% used [0x00000000e0000000,0x00000000e0000000,0x00000000ef300000)
  from space 48640K, 99% used [0x00000000ef300000,0x00000000f227b670,0x00000000f2280000)
  to   space 70144K, 0% used [0x00000000f5800000,0x00000000f5800000,0x00000000f9c80000)
 ParOldGen       total 605696K, used 112061K [0x00000000a0000000, 0x00000000c4f80000, 0x00000000e0000000)
  object space 605696K, 18% used [0x00000000a0000000,0x00000000a6d6f588,0x00000000c4f80000)
 Metaspace       used 110307K, capacity 110845K, committed 111400K, reserved 1142784K
  class space    used 18787K, capacity 18958K, committed 18984K, reserved 1048576K
}
Event: 2458.721 GC heap before
{Heap before GC invocations=19 (full 5):
 PSYoungGen      total 297472K, used 212480K [0x00000000e0000000, 0x00000000f9c80000, 0x0000000100000000)
  eden space 248832K, 65% used [0x00000000e0000000,0x00000000ea004c08,0x00000000ef300000)
  from space 48640K, 99% used [0x00000000ef300000,0x00000000f227b670,0x00000000f2280000)
  to   space 70144K, 0% used [0x00000000f5800000,0x00000000f5800000,0x00000000f9c80000)
 ParOldGen       total 605696K, used 112061K [0x00000000a0000000, 0x00000000c4f80000, 0x00000000e0000000)
  object space 605696K, 18% used [0x00000000a0000000,0x00000000a6d6f588,0x00000000c4f80000)
 Metaspace       used 115098K, capacity 115645K, committed 116008K, reserved 1146880K
  class space    used 19324K, capacity 19470K, committed 19496K, reserved 1048576K
Event: 2459.018 GC heap after
Heap after GC invocations=19 (full 5):
 PSYoungGen      total 337920K, used 70131K [0x00000000e0000000, 0x00000000fd000000, 0x0000000100000000)
  eden space 267776K, 0% used [0x00000000e0000000,0x00000000e0000000,0x00000000f0580000)
  from space 70144K, 99% used [0x00000000f5800000,0x00000000f9c7ce60,0x00000000f9c80000)
  to   space 84480K, 0% used [0x00000000f0580000,0x00000000f0580000,0x00000000f5800000)
 ParOldGen       total 605696K, used 120176K [0x00000000a0000000, 0x00000000c4f80000, 0x00000000e0000000)
  object space 605696K, 19% used [0x00000000a0000000,0x00000000a755c1a0,0x00000000c4f80000)
 Metaspace       used 115098K, capacity 115645K, committed 116008K, reserved 1146880K
  class space    used 19324K, capacity 19470K, committed 19496K, reserved 1048576K
}
Event: 2459.018 GC heap before
{Heap before GC invocations=20 (full 6):
 PSYoungGen      total 337920K, used 70131K [0x00000000e0000000, 0x00000000fd000000, 0x0000000100000000)
  eden space 267776K, 0% used [0x00000000e0000000,0x00000000e0000000,0x00000000f0580000)
  from space 70144K, 99% used [0x00000000f5800000,0x00000000f9c7ce60,0x00000000f9c80000)
  to   space 84480K, 0% used [0x00000000f0580000,0x00000000f0580000,0x00000000f5800000)
 ParOldGen       total 605696K, used 120176K [0x00000000a0000000, 0x00000000c4f80000, 0x00000000e0000000)
  object space 605696K, 19% used [0x00000000a0000000,0x00000000a755c1a0,0x00000000c4f80000)
 Metaspace       used 115098K, capacity 115645K, committed 116008K, reserved 1146880K
  class space    used 19324K, capacity 19470K, committed 19496K, reserved 1048576K

Deoptimization events (10 events):
Event: 2457.367 Thread 0x00007fc710002800 Uncommon trap: reason=speculate_class_check action=maybe_recompile pc=0x00007fc776ddb25c method=scala.collection.immutable.List.$colon$colon$colon(Lscala/collection/immutable/List;)Lscala/collection/immutable/List; @ 1
Event: 2457.684 Thread 0x00007fc710002800 Uncommon trap: reason=speculate_class_check action=maybe_recompile pc=0x00007fc776a938fc method=scala.reflect.internal.InfoTransformers$InfoTransformer.nextFrom(I)Lscala/reflect/internal/InfoTransformers$InfoTransformer; @ 14
Event: 2457.684 Thread 0x00007fc710002800 Uncommon trap: reason=speculate_class_check action=maybe_recompile pc=0x00007fc776a938fc method=scala.reflect.internal.InfoTransformers$InfoTransformer.nextFrom(I)Lscala/reflect/internal/InfoTransformers$InfoTransformer; @ 14
Event: 2458.115 Thread 0x00007fc710002800 Uncommon trap: reason=unstable_if action=reinterpret pc=0x00007fc776a900bc method=scala.tools.nsc.transform.Flatten.scala$tools$nsc$transform$Flatten$$isFlattenablePrefix(Lscala/reflect/internal/Types$Type;)Z @ 51
Event: 2458.397 Thread 0x00007fc710002800 Uncommon trap: reason=unstable_if action=reinterpret pc=0x00007fc776065b10 method=scala.reflect.internal.Symbols$Symbol.needsFlatClasses()Z @ 10
Event: 2458.478 Thread 0x00007fc710002800 Uncommon trap: reason=predicate action=maybe_recompile pc=0x00007fc774383438 method=java.lang.String.regionMatches(ZILjava/lang/String;II)Z @ 63
Event: 2458.578 Thread 0x00007fc710002800 Uncommon trap: reason=bimorphic action=maybe_recompile pc=0x00007fc775bd2480 method=scala.collection.generic.Growable$class.loop$1(Lscala/collection/generic/Growable;Lscala/collection/LinearSeq;)V @ 1
Event: 2458.597 Thread 0x00007fc710002800 Uncommon trap: reason=unstable_if action=reinterpret pc=0x00007fc7768f53b8 method=scala.runtime.ScalaRunTime$.array_update(Ljava/lang/Object;ILjava/lang/Object;)V @ 4
Event: 2458.629 Thread 0x00007fc710002800 Uncommon trap: reason=bimorphic action=maybe_recompile pc=0x00007fc775bd2480 method=scala.collection.generic.Growable$class.loop$1(Lscala/collection/generic/Growable;Lscala/collection/LinearSeq;)V @ 1
Event: 2458.716 Thread 0x00007fc710002800 Uncommon trap: reason=unstable_if action=reinterpret pc=0x00007fc7770b2aa0 method=scala.reflect.internal.Symbols$ClassSymbol.name()Lscala/reflect/internal/Names$TypeName; @ 43

Internal exceptions (10 events):
Event: 2413.944 Thread 0x00007fc710002800 Implicit null exception at 0x00007fc7754c22f6 to 0x00007fc7754c6805
Event: 2414.297 Thread 0x00007fc710002800 Implicit null exception at 0x00007fc77546b3d0 to 0x00007fc77546c2c5
Event: 2414.961 Thread 0x00007fc710002800 Implicit null exception at 0x00007fc77412fe95 to 0x00007fc774130119
Event: 2419.140 Thread 0x00007fc710002800 Implicit null exception at 0x00007fc774fe22ac to 0x00007fc774fe2a27
Event: 2419.140 Thread 0x00007fc710002800 Exception <a 'java/lang/NullPointerException'> (0x00000000eb475cc8) thrown at [/HUDSON/workspace/8-2-build-linux-amd64/jdk8u92/6642/hotspot/src/share/vm/runtime/sharedRuntime.cpp, line 605]
Event: 2420.122 Thread 0x00007fc710002800 Implicit null exception at 0x00007fc774fe22ac to 0x00007fc774fe2a27
Event: 2420.122 Thread 0x00007fc710002800 Exception <a 'java/lang/NullPointerException'> (0x00000000eb50a618) thrown at [/HUDSON/workspace/8-2-build-linux-amd64/jdk8u92/6642/hotspot/src/share/vm/runtime/sharedRuntime.cpp, line 605]
Event: 2421.095 Thread 0x00007fc710002800 Implicit null exception at 0x00007fc774fe22ac to 0x00007fc774fe2a27
Event: 2421.095 Thread 0x00007fc710002800 Exception <a 'java/lang/NullPointerException'> (0x00000000eb66f390) thrown at [/HUDSON/workspace/8-2-build-linux-amd64/jdk8u92/6642/hotspot/src/share/vm/runtime/sharedRuntime.cpp, line 605]
Event: 2431.001 Thread 0x00007fc710002800 Implicit null exception at 0x00007fc775b72a4c to 0x00007fc775b72b55

Events (10 events):
Event: 2458.597 Thread 0x00007fc710002800 Uncommon trap: trap_request=0xffffff65 fr.pc=0x00007fc7768f53b8
Event: 2458.597 Thread 0x00007fc710002800 DEOPT PACKING pc=0x00007fc7768f53b8 sp=0x00007fc72488dc40
Event: 2458.597 Thread 0x00007fc710002800 DEOPT UNPACKING pc=0x00007fc774005229 sp=0x00007fc72488dba8 mode 2
Event: 2458.629 Thread 0x00007fc710002800 Uncommon trap: trap_request=0xffffffc6 fr.pc=0x00007fc775bd2480
Event: 2458.630 Thread 0x00007fc710002800 DEOPT PACKING pc=0x00007fc775bd2480 sp=0x00007fc72488e300
Event: 2458.630 Thread 0x00007fc710002800 DEOPT UNPACKING pc=0x00007fc774005229 sp=0x00007fc72488e270 mode 2
Event: 2458.716 Thread 0x00007fc710002800 Uncommon trap: trap_request=0xffffff65 fr.pc=0x00007fc7770b2aa0
Event: 2458.716 Thread 0x00007fc710002800 DEOPT PACKING pc=0x00007fc7770b2aa0 sp=0x00007fc72488df10
Event: 2458.716 Thread 0x00007fc710002800 DEOPT UNPACKING pc=0x00007fc774005229 sp=0x00007fc72488de80 mode 2
Event: 2458.721 Executing VM operation: CollectForMetadataAllocation


Dynamic libraries:
00400000-00401000 r-xp 00000000 08:07 1199038                            /usr/lib/jvm/java-8-oracle/jre/bin/java
00600000-00601000 rw-p 00000000 08:07 1199038                            /usr/lib/jvm/java-8-oracle/jre/bin/java
0124d000-0126e000 rw-p 00000000 00:00 0                                  [heap]
a0000000-c4f80000 rw-p 00000000 00:00 0 
d7f80000-e0000000 ---p 00000000 00:00 0 
e0000000-fd000000 rw-p 00000000 00:00 0 
fd000000-100000000 ---p 00000000 00:00 0 
100000000-10130a000 rw-p 00000000 00:00 0 
10130a000-140000000 ---p 00000000 00:00 0 
7fc6ec000000-7fc6ec099000 rw-p 00000000 00:00 0 
7fc6ec099000-7fc6f0000000 ---p 00000000 00:00 0 
7fc6f1c62000-7fc6f1ca2000 rw-p 00000000 00:00 0 
7fc6f1ca2000-7fc6f1e62000 ---p 00000000 00:00 0 
7fc6f1e62000-7fc6f2062000 rw-p 00000000 00:00 0 
7fc6f2062000-7fc6f2262000 rw-p 00000000 00:00 0 
7fc6f2262000-7fc6f2462000 rw-p 00000000 00:00 0 
7fc6f2462000-7fc6f2662000 rw-p 00000000 00:00 0 
7fc6f2662000-7fc6f2862000 rw-p 00000000 00:00 0 
7fc6f2862000-7fc6f2a62000 rw-p 00000000 00:00 0 
7fc6f2a62000-7fc6f2c62000 rw-p 00000000 00:00 0 
7fc6f2c62000-7fc6f2e62000 rw-p 00000000 00:00 0 
7fc6f2e62000-7fc6f3062000 rw-p 00000000 00:00 0 
7fc6f3062000-7fc6f3262000 rw-p 00000000 00:00 0 
7fc6f3262000-7fc6f3462000 rw-p 00000000 00:00 0 
7fc6f3462000-7fc6f3662000 rw-p 00000000 00:00 0 
7fc6f3662000-7fc6f3862000 rw-p 00000000 00:00 0 
7fc6f3862000-7fc6f3a62000 rw-p 00000000 00:00 0 
7fc6f3a62000-7fc6f3a65000 ---p 00000000 00:00 0 
7fc6f3a65000-7fc6f3b63000 rw-p 00000000 00:00 0 
7fc6f3b63000-7fc6f3b66000 ---p 00000000 00:00 0 
7fc6f3b66000-7fc6f3c64000 rw-p 00000000 00:00 0 
7fc6f3c64000-7fc6f3d6a000 r--s 00d84000 08:07 1978977                    /opt/play-2.2.1/repository/cache/org.scala-lang/scala-compiler/jars/scala-compiler-2.11.7.jar
7fc6f3d6a000-7fc6f3f6a000 rw-p 00000000 00:00 0 
7fc6f3f6a000-7fc6f4000000 r--s 01102000 08:07 1975192                    /usr/lib/jvm/java-8-oracle/jre/lib/ext/jfxrt.jar
7fc6f4000000-7fc6f4051000 rw-p 00000000 00:00 0 
7fc6f4051000-7fc6f8000000 ---p 00000000 00:00 0 
7fc6f8000000-7fc6f8056000 rw-p 00000000 00:00 0 
7fc6f8056000-7fc6fc000000 ---p 00000000 00:00 0 
7fc6fc000000-7fc6fc727000 rw-p 00000000 00:00 0 
7fc6fc727000-7fc700000000 ---p 00000000 00:00 0 
7fc700000000-7fc700035000 rw-p 00000000 00:00 0 
7fc700035000-7fc704000000 ---p 00000000 00:00 0 
7fc704000000-7fc7043ff000 rw-p 00000000 00:00 0 
7fc7043ff000-7fc708000000 ---p 00000000 00:00 0 
7fc708000000-7fc708021000 rw-p 00000000 00:00 0 
7fc708021000-7fc70c000000 ---p 00000000 00:00 0 
7fc70c000000-7fc70cb91000 rw-p 00000000 00:00 0 
7fc70cb91000-7fc710000000 ---p 00000000 00:00 0 
7fc710000000-7fc7100e5000 rw-p 00000000 00:00 0 
7fc7100e5000-7fc714000000 ---p 00000000 00:00 0 
7fc714000000-7fc714021000 rw-p 00000000 00:00 0 
7fc714021000-7fc718000000 ---p 00000000 00:00 0 
7fc718000000-7fc7180c5000 rw-p 00000000 00:00 0 
7fc7180c5000-7fc71c000000 ---p 00000000 00:00 0 
7fc71c000000-7fc71c2ac000 rw-p 00000000 00:00 0 
7fc71c2ac000-7fc720000000 ---p 00000000 00:00 0 
7fc720000000-7fc72002b000 rw-p 00000000 00:00 0 
7fc72002b000-7fc724000000 ---p 00000000 00:00 0 
7fc72401a000-7fc724092000 r--s 010e5000 08:07 2110244                    /usr/lib/jvm/java-8-oracle/lib/tools.jar
7fc724092000-7fc724292000 rw-p 00000000 00:00 0 
7fc724292000-7fc724492000 rw-p 00000000 00:00 0 
7fc724492000-7fc724495000 ---p 00000000 00:00 0 
7fc724495000-7fc724793000 rw-p 00000000 00:00 0                          [stack:11869]
7fc724793000-7fc724796000 ---p 00000000 00:00 0 
7fc724796000-7fc724894000 rw-p 00000000 00:00 0                          [stack:11921]
7fc724894000-7fc724897000 ---p 00000000 00:00 0 
7fc724897000-7fc724995000 rw-p 00000000 00:00 0                          [stack:11913]
7fc724995000-7fc724998000 ---p 00000000 00:00 0 
7fc724998000-7fc724a96000 rw-p 00000000 00:00 0                          [stack:11864]
7fc724a96000-7fc724a99000 ---p 00000000 00:00 0 
7fc724a99000-7fc724b97000 rw-p 00000000 00:00 0                          [stack:11919]
7fc724b97000-7fc724b9a000 ---p 00000000 00:00 0 
7fc724b9a000-7fc724e98000 rw-p 00000000 00:00 0                          [stack:11920]
7fc724e98000-7fc724e9b000 ---p 00000000 00:00 0 
7fc724e9b000-7fc725199000 rw-p 00000000 00:00 0                          [stack:11848]
7fc725199000-7fc725399000 rw-p 00000000 00:00 0 
7fc725399000-7fc725599000 rw-p 00000000 00:00 0 
7fc725599000-7fc72559c000 r--s 0001d000 08:07 2753700                    /opt/play-2.2.1/repository/cache/com.zaxxer/HikariCP/bundles/HikariCP-2.4.3.jar
7fc72559c000-7fc72559f000 r--s 00019000 08:07 2387247                    /opt/play-2.2.1/repository/local/com.jolbox/bonecp/0.8.0.RELEASE/bundles/bonecp.jar
7fc72559f000-7fc7255a0000 r--s 00001000 08:07 2753696                    /opt/play-2.2.1/repository/cache/com.typesafe.play/play-jdbc-api_2.11/jars/play-jdbc-api_2.11-2.5.2.jar
7fc7255a0000-7fc7255a3000 r--s 00018000 08:07 2624469                    /opt/play-2.2.1/repository/cache/com.typesafe.play/play-jdbc_2.11/jars/play-jdbc_2.11-2.5.2.jar
7fc7255a3000-7fc7255a9000 r--s 0003f000 08:07 2391335                    /opt/play-2.2.1/repository/cache/ch.qos.logback/logback-classic/jars/logback-classic-1.1.4.jar
7fc7255a9000-7fc7255b4000 r--s 00065000 08:07 1978970                    /opt/play-2.2.1/repository/cache/ch.qos.logback/logback-core/jars/logback-core-1.1.4.jar
7fc7255b4000-7fc7255b6000 r--s 00004000 08:07 2624467                    /opt/play-2.2.1/repository/cache/com.typesafe.play/play-logback_2.11/jars/play-logback_2.11-2.5.2.jar
7fc7255b6000-7fc7255be000 r--s 00051000 08:07 2753694                    /opt/play-2.2.1/repository/cache/io.netty/netty-transport/jars/netty-transport-4.0.36.Final.jar
7fc7255be000-7fc7255c2000 r--s 00031000 08:07 2753692                    /opt/play-2.2.1/repository/cache/io.netty/netty-buffer/jars/netty-buffer-4.0.36.Final.jar
7fc7255c2000-7fc7255cb000 r--s 00069000 08:07 2753690                    /opt/play-2.2.1/repository/cache/io.netty/netty-common/jars/netty-common-4.0.36.Final.jar
7fc7255cb000-7fc7255ce000 r--s 00020000 08:07 2753680                    /opt/play-2.2.1/repository/cache/io.netty/netty-transport-native-epoll/jars/netty-transport-native-epoll-4.0.36.Final-linux-x86_64.jar
7fc7255ce000-7fc7255d0000 r--s 00004000 08:07 2753682                    /opt/play-2.2.1/repository/cache/com.typesafe.netty/netty-reactive-streams/jars/netty-reactive-streams-1.0.5.jar
7fc7255d0000-7fc7255d1000 r--s 00007000 08:07 2753678                    /opt/play-2.2.1/repository/cache/com.typesafe.netty/netty-reactive-streams-http/jars/netty-reactive-streams-http-1.0.5.jar
7fc7255d1000-7fc7255d6000 r--s 00028000 08:07 2624465                    /opt/play-2.2.1/repository/cache/com.typesafe.play/play-netty-server_2.11/jars/play-netty-server_2.11-2.5.2.jar
7fc7255d6000-7fc7255d8000 r--s 00009000 08:07 2753661                    /opt/play-2.2.1/repository/cache/com.google.inject.extensions/guice-assistedinject/jars/guice-assistedinject-4.0.jar
7fc7255d8000-7fc7255e6000 r--s 00096000 08:07 2753658                    /opt/play-2.2.1/repository/cache/com.google.inject/guice/jars/guice-4.0.jar
7fc7255e6000-7fc7255e7000 r--s 00003000 08:07 2497682                    /opt/play-2.2.1/repository/local/javax.transaction/jta/1.1/jars/jta.jar
7fc7255e7000-7fc7255f0000 r--s 0002d000 08:07 139672                     /opt/play-2.2.1/repository/local/xml-apis/xml-apis/1.4.01/jars/xml-apis.jar
7fc7255f0000-7fc725609000 r--s 00135000 08:07 139661                     /opt/play-2.2.1/repository/local/xerces/xercesImpl/2.11.0/jars/xercesImpl.jar
7fc725609000-7fc725610000 r--s 0003f000 08:07 2259764                    /opt/play-2.2.1/repository/cache/commons-codec/commons-codec/jars/commons-codec-1.10.jar
7fc725610000-7fc725611000 r--s 00004000 08:07 2753646                    /opt/play-2.2.1/repository/cache/com.typesafe.akka/akka-slf4j_2.11/jars/akka-slf4j_2.11-2.4.2.jar
7fc725611000-7fc72561c000 r--s 0005d000 08:07 2753669                    /opt/play-2.2.1/repository/cache/org.scala-lang.modules/scala-parser-combinators_2.11/bundles/scala-parser-combinators_2.11-1.0.4.jar
7fc72561c000-7fc725624000 r--s 00055000 08:07 2624509                    /opt/play-2.2.1/repository/cache/com.typesafe/ssl-config-core_2.11/bundles/ssl-config-core_2.11-0.1.3.jar
7fc725624000-7fc725626000 r--s 00005000 08:07 2498389                    /opt/play-2.2.1/repository/cache/com.typesafe/ssl-config-akka_2.11/bundles/ssl-config-akka_2.11-0.1.3.jar
7fc725626000-7fc725634000 r--s 00081000 08:07 2753663                    /opt/play-2.2.1/repository/cache/org.scala-lang.modules/scala-java8-compat_2.11/bundles/scala-java8-compat_2.11-0.7.0.jar
7fc725634000-7fc725662000 r--s 002e6000 08:07 2753644                    /opt/play-2.2.1/repository/cache/com.typesafe.akka/akka-actor_2.11/jars/akka-actor_2.11-2.4.2.jar
7fc725662000-7fc7256a8000 r--s 00395000 08:07 2753676                    /opt/play-2.2.1/repository/cache/com.typesafe.akka/akka-stream_2.11/jars/akka-stream_2.11-2.4.2.jar
7fc7256a8000-7fc7256a9000 r--s 00000000 08:07 2753674                    /opt/play-2.2.1/repository/cache/org.reactivestreams/reactive-streams/jars/reactive-streams-1.0.0.jar
7fc7256a9000-7fc7256b0000 r--s 00043000 08:07 2624486                    /opt/play-2.2.1/repository/cache/com.typesafe.play/play-streams_2.11/jars/play-streams_2.11-2.5.2.jar
7fc7256b0000-7fc7256b2000 r--s 00003000 08:07 2624493                    /opt/play-2.2.1/repository/cache/org.slf4j/jcl-over-slf4j/jars/jcl-over-slf4j-1.7.16.jar
7fc7256b2000-7fc7256b4000 r--s 00000000 08:07 2624488                    /opt/play-2.2.1/repository/cache/org.slf4j/jul-to-slf4j/jars/jul-to-slf4j-1.7.16.jar
7fc7256b4000-7fc7256b5000 r--s 00004000 08:07 2624484                    /opt/play-2.2.1/repository/cache/com.typesafe.play/play-netty-utils/jars/play-netty-utils-2.5.2.jar
7fc7256b5000-7fc7256b8000 r--s 00012000 08:07 2259763                    /opt/play-2.2.1/repository/cache/com.fasterxml.jackson.datatype/jackson-datatype-jsr310/bundles/jackson-datatype-jsr310-2.7.1.jar
7fc7256b8000-7fc7256ba000 r--s 00005000 08:07 2259761                    /opt/play-2.2.1/repository/cache/com.fasterxml.jackson.datatype/jackson-datatype-jdk8/bundles/jackson-datatype-jdk8-2.7.1.jar
7fc7256ba000-7fc7256cb000 r--s 00114000 08:07 2259760                    /opt/play-2.2.1/repository/cache/com.fasterxml.jackson.core/jackson-databind/bundles/jackson-databind-2.7.1.jar
7fc7256cb000-7fc7256ce000 r--s 0000a000 08:07 2259759                    /opt/play-2.2.1/repository/cache/com.fasterxml.jackson.core/jackson-annotations/bundles/jackson-annotations-2.7.1.jar
7fc7256ce000-7fc7256d1000 r--s 0003b000 08:07 2259758                    /opt/play-2.2.1/repository/cache/com.fasterxml.jackson.core/jackson-core/bundles/jackson-core-2.7.1.jar
7fc725722000-7fc72573e000 r--s 00393000 08:07 1975194                    /usr/lib/jvm/java-8-oracle/jre/lib/ext/cldrdata.jar
7fc72573e000-7fc725748000 r--s 00116000 08:07 1975193                    /usr/lib/jvm/java-8-oracle/jre/lib/ext/localedata.jar
7fc725748000-7fc72574c000 r--s 00026000 08:07 2884062                    /opt/play-2.2.1/repository/cache/com.typesafe.play/play-doc_2.11/jars/play-doc_2.11-1.2.2.jar
7fc72574c000-7fc725755000 r--s 00065000 08:07 2753684                    /opt/play-2.2.1/repository/cache/io.netty/netty-codec-http/jars/netty-codec-http-4.0.34.Final.jar
7fc725755000-7fc725759000 r--s 00020000 08:07 2753688                    /opt/play-2.2.1/repository/cache/io.netty/netty-codec/jars/netty-codec-4.0.34.Final.jar
7fc725759000-7fc72575f000 r--s 0003e000 08:07 2753686                    /opt/play-2.2.1/repository/cache/io.netty/netty-handler/jars/netty-handler-4.0.34.Final.jar
7fc72575f000-7fc72578a000 r--s 001f5000 08:07 1978968                    /opt/play-2.2.1/repository/cache/com.google.guava/guava/bundles/guava-16.0.1.jar
7fc72578a000-7fc72578b000 r--s 00009000 08:07 2259755                    /opt/play-2.2.1/repository/cache/org.slf4j/slf4j-api/jars/slf4j-api-1.7.16.jar
7fc72578b000-7fc7257d6000 r--s 00998000 08:07 2753748                    /opt/play-2.2.1/repository/cache/com.typesafe.play/play-docs_2.11/jars/play-docs_2.11-2.5.2.jar
7fc7257d6000-7fc7257d8000 r--s 0000d000 08:07 2497649                    /opt/play-2.2.1/repository/local/commons-logging/commons-logging/1.1.1/jars/commons-logging.jar
7fc7257d8000-7fc7257e0000 r--s 00040000 08:07 2500436                    /opt/play-2.2.1/repository/local/org.apache.httpcomponents/httpclient/4.0.1/jars/httpclient.jar
7fc7257e0000-7fc7257e5000 r--s 00026000 08:07 2500455                    /opt/play-2.2.1/repository/local/org.apache.httpcomponents/httpcore/4.0.1/jars/httpcore.jar
7fc7257e5000-7fc7257e6000 r--s 00001000 08:07 2500374                    /opt/play-2.2.1/repository/local/oauth.signpost/signpost-commonshttp4/1.2.1.2/jars/signpost-commonshttp4.jar
7fc7257e6000-7fc7257e9000 r--s 00009000 08:07 2500394                    /opt/play-2.2.1/repository/local/oauth.signpost/signpost-core/1.2.1.2/jars/signpost-core.jar
7fc7257e9000-7fc7257f3000 r--s 000ae000 08:07 1978975                    /opt/play-2.2.1/repository/cache/org.javassist/javassist/bundles/javassist-3.20.0-GA.jar
7fc7257f3000-7fc7257f4000 r--s 0000b000 08:07 2753717                    /opt/play-2.2.1/repository/cache/org.asynchttpclient/netty-codec-dns/jars/netty-codec-dns-2.0.0.jar
7fc7257f4000-7fc7257f6000 r--s 00009000 08:07 2259792                    /opt/play-2.2.1/repository/cache/org.slf4j/slf4j-api/jars/slf4j-api-1.7.21.jar
7fc7257f6000-7fc7257f7000 r--s 00005000 08:07 2753715                    /opt/play-2.2.1/repository/cache/org.asynchttpclient/netty-resolver/jars/netty-resolver-2.0.0.jar
7fc7257f7000-7fc7257f9000 r--s 0000d000 08:07 2753711                    /opt/play-2.2.1/repository/cache/org.asynchttpclient/netty-resolver-dns/jars/netty-resolver-dns-2.0.0.jar
7fc7257f9000-7fc7257fe000 r--s 0003e000 08:07 2753713                    /opt/play-2.2.1/repository/cache/io.netty/netty-handler/jars/netty-handler-4.0.36.Final.jar
7fc7257fe000-7fc725802000 r--s 00020000 08:07 2753712                    /opt/play-2.2.1/repository/cache/io.netty/netty-codec/jars/netty-codec-4.0.36.Final.jar
7fc725802000-7fc72580b000 r--s 00066000 08:07 2753709                    /opt/play-2.2.1/repository/cache/io.netty/netty-codec-http/jars/netty-codec-http-4.0.36.Final.jar
7fc72580b000-7fc725815000 r--s 00061000 08:07 2753708                    /opt/play-2.2.1/repository/cache/org.asynchttpclient/async-http-client/jars/async-http-client-2.0.0.jar
7fc725815000-7fc725841000 r--s 00208000 08:07 1978973                    /opt/play-2.2.1/repository/cache/com.google.guava/guava/bundles/guava-19.0.jar
7fc725841000-7fc72584d000 r--s 00096000 08:07 2624473                    /opt/play-2.2.1/repository/cache/com.typesafe.play/play-ws_2.11/jars/play-ws_2.11-2.5.2.jar
7fc72584d000-7fc725868000 r--s 0012e000 08:07 2391337                    /opt/play-2.2.1/repository/cache/net.sf.ehcache/ehcache-core/jars/ehcache-core-2.6.11.jar
7fc725868000-7fc72586a000 r--s 00012000 08:07 2624471                    /opt/play-2.2.1/repository/cache/com.typesafe.play/play-cache_2.11/jars/play-cache_2.11-2.5.2.jar
7fc72586a000-7fc72586f000 r--s 0002d000 08:07 139629                     /opt/play-2.2.1/repository/local/tyrex/tyrex/1.0.1/jars/tyrex.jar
7fc72586f000-7fc725871000 r--s 00007000 08:07 2753706                    /opt/play-2.2.1/repository/cache/com.googlecode.usc/jdbcdslog/jars/jdbcdslog-1.0.6.2.jar
7fc725871000-7fc7258bd000 r--s 00412000 08:07 1978966                    /opt/play-2.2.1/repository/cache/org.scala-lang/scala-reflect/jars/scala-reflect-2.11.7.jar
7fc7258bd000-7fc7258c1000 r--s 00018000 08:07 2259791                    /opt/play-2.2.1/repository/cache/org.joda/joda-convert/jars/joda-convert-1.8.1.jar
7fc7258c1000-7fc7258d1000 r--s 00089000 08:07 2259766                    /opt/play-2.2.1/repository/cache/joda-time/joda-time/jars/joda-time-2.9.2.jar
7fc7258d1000-7fc7258d2000 r--s 00001000 08:07 2624495                    /opt/play-2.2.1/repository/cache/com.typesafe.play/play-datacommons_2.11/jars/play-datacommons_2.11-2.5.2.jar
7fc7258d2000-7fc7258db000 r--s 0005c000 08:07 2498387                    /opt/play-2.2.1/repository/cache/com.typesafe.play/play-functional_2.11/jars/play-functional_2.11-2.5.2.jar
7fc7258db000-7fc7258e7000 r--s 00091000 08:07 2624482                    /opt/play-2.2.1/repository/cache/com.typesafe.play/play-json_2.11/jars/play-json_2.11-2.5.2.jar
7fc7258e7000-7fc7258f0000 r--s 00091000 08:07 2753653                    /opt/play-2.2.1/repository/cache/org.scala-stm/scala-stm_2.11/jars/scala-stm_2.11-0.7.jar
7fc7258f0000-7fc725903000 r--s 000ad000 08:07 2624480                    /opt/play-2.2.1/repository/cache/com.typesafe.play/play-iteratees_2.11/jars/play-iteratees_2.11-2.5.2.jar
7fc725903000-7fc725955000 r--s 0038a000 08:07 2624478                    /opt/play-2.2.1/repository/cache/com.typesafe.play/play_2.11/jars/play_2.11-2.5.2.jar
7fc725955000-7fc72595c000 r--s 0003d000 08:07 2624463                    /opt/play-2.2.1/repository/cache/com.typesafe.play/play-server_2.11/jars/play-server_2.11-2.5.2.jar
7fc72595c000-7fc725967000 r--s 00096000 08:07 2624476                    /opt/play-2.2.1/repository/cache/org.scala-lang.modules/scala-xml_2.11/bundles/scala-xml_2.11-1.0.1.jar
7fc725967000-7fc7259bf000 r--s 00523000 08:07 1978965                    /opt/play-2.2.1/repository/cache/org.scala-lang/scala-library/jars/scala-library-2.11.7.jar
7fc7259bf000-7fc725a13000 r--s 00af1000 08:07 2753746                    /opt/play-2.2.1/repository/cache/com.typesafe.play/play-omnidoc_2.11/jars/play-omnidoc_2.11-2.5.2.jar
7fc725a13000-7fc725c13000 rw-p 00000000 00:00 0 
7fc725c13000-7fc725e13000 rw-p 00000000 00:00 0 
7fc725e13000-7fc725e16000 ---p 00000000 00:00 0 
7fc725e16000-7fc726114000 rw-p 00000000 00:00 0                          [stack:11834]
7fc726114000-7fc72612b000 r-xp 00000000 08:07 1577091                    /lib/x86_64-linux-gnu/libresolv-2.19.so
7fc72612b000-7fc72632b000 ---p 00017000 08:07 1577091                    /lib/x86_64-linux-gnu/libresolv-2.19.so
7fc72632b000-7fc72632c000 r--p 00017000 08:07 1577091                    /lib/x86_64-linux-gnu/libresolv-2.19.so
7fc72632c000-7fc72632d000 rw-p 00018000 08:07 1577091                    /lib/x86_64-linux-gnu/libresolv-2.19.so
7fc72632d000-7fc72632f000 rw-p 00000000 00:00 0 
7fc72632f000-7fc726334000 r-xp 00000000 08:07 1577038                    /lib/x86_64-linux-gnu/libnss_dns-2.19.so
7fc726334000-7fc726533000 ---p 00005000 08:07 1577038                    /lib/x86_64-linux-gnu/libnss_dns-2.19.so
7fc726533000-7fc726534000 r--p 00004000 08:07 1577038                    /lib/x86_64-linux-gnu/libnss_dns-2.19.so
7fc726534000-7fc726535000 rw-p 00005000 08:07 1577038                    /lib/x86_64-linux-gnu/libnss_dns-2.19.so
7fc726535000-7fc726537000 r-xp 00000000 08:07 1577046                    /lib/x86_64-linux-gnu/libnss_mdns4_minimal.so.2
7fc726537000-7fc726736000 ---p 00002000 08:07 1577046                    /lib/x86_64-linux-gnu/libnss_mdns4_minimal.so.2
7fc726736000-7fc726737000 r--p 00001000 08:07 1577046                    /lib/x86_64-linux-gnu/libnss_mdns4_minimal.so.2
7fc726737000-7fc726738000 rw-p 00002000 08:07 1577046                    /lib/x86_64-linux-gnu/libnss_mdns4_minimal.so.2
7fc726738000-7fc72674e000 r-xp 00000000 08:07 1576992                    /lib/x86_64-linux-gnu/libgcc_s.so.1
7fc72674e000-7fc72694d000 ---p 00016000 08:07 1576992                    /lib/x86_64-linux-gnu/libgcc_s.so.1
7fc72694d000-7fc72694e000 rw-p 00015000 08:07 1576992                    /lib/x86_64-linux-gnu/libgcc_s.so.1
7fc72694e000-7fc726950000 r--s 0000d000 08:07 2624459                    /opt/play-2.2.1/repository/cache/com.typesafe.play/twirl-api_2.11/jars/twirl-api_2.11-1.1.1.jar
7fc726950000-7fc72695e000 r--s 001a1000 08:07 1978972                    /opt/play-2.2.1/repository/cache/com.h2database/h2/jars/h2-1.4.191.jar
7fc72695e000-7fc726964000 r--s 0003f000 08:07 1975189                    /usr/lib/jvm/java-8-oracle/jre/lib/ext/sunjce_provider.jar
7fc726964000-7fc726996000 r-xp 00000000 08:07 1199132                    /usr/lib/jvm/java-8-oracle/jre/lib/amd64/libsunec.so
7fc726996000-7fc726b95000 ---p 00032000 08:07 1199132                    /usr/lib/jvm/java-8-oracle/jre/lib/amd64/libsunec.so
7fc726b95000-7fc726b9b000 rw-p 00031000 08:07 1199132                    /usr/lib/jvm/java-8-oracle/jre/lib/amd64/libsunec.so
7fc726b9b000-7fc726dab000 rw-p 00000000 00:00 0 
7fc726dab000-7fc726dac000 r--s 00009000 08:07 1975195                    /usr/lib/jvm/java-8-oracle/jre/lib/ext/sunec.jar
7fc726dac000-7fc726daf000 r--s 0001a000 08:07 1199180                    /usr/lib/jvm/java-8-oracle/jre/lib/jce.jar
7fc726daf000-7fc726faf000 rw-p 00000000 00:00 0 
7fc726faf000-7fc726fb2000 ---p 00000000 00:00 0 
7fc726fb2000-7fc7270b0000 rw-p 00000000 00:00 0                          [stack:11917]
7fc7270b0000-7fc7270b3000 ---p 00000000 00:00 0 
7fc7270b3000-7fc7271b1000 rw-p 00000000 00:00 0                          [stack:11918]
7fc7271b1000-7fc7271b4000 ---p 00000000 00:00 0 
7fc7271b4000-7fc7274b2000 rw-p 00000000 00:00 0                          [stack:11832]
7fc7274b2000-7fc7276b2000 rw-p 00000000 00:00 0 
7fc7276b2000-7fc7278b2000 rw-p 00000000 00:00 0 
7fc7278b2000-7fc7278b6000 r--s 000dc000 08:07 2259590                    /opt/play-2.2.1/repository/cache/net.java.dev.jna/jna/jars/jna-4.1.0.jar
7fc7278b6000-7fc7278ba000 r--s 0001d000 08:07 2259588                    /opt/play-2.2.1/repository/cache/com.nativelibs4java/ochafik-util/jars/ochafik-util-0.12.jar
7fc7278ba000-7fc7278bc000 r--s 00009000 08:07 1975146                    /opt/play-2.2.1/repository/cache/com.nativelibs4java/jnaerator-runtime/jars/jnaerator-runtime-0.12.jar
7fc7278bc000-7fc7278bf000 r--s 0000c000 08:07 2259586                    /opt/play-2.2.1/repository/cache/com.fasterxml.jackson.datatype/jackson-datatype-jsr310/bundles/jackson-datatype-jsr310-2.5.4.jar
7fc7278bf000-7fc7278c1000 r--s 00003000 08:07 2259584                    /opt/play-2.2.1/repository/cache/com.fasterxml.jackson.datatype/jackson-datatype-jdk8/bundles/jackson-datatype-jdk8-2.5.4.jar
7fc7278c1000-7fc7278d3000 r--s 00106000 08:07 2259582                    /opt/play-2.2.1/repository/cache/com.fasterxml.jackson.core/jackson-databind/bundles/jackson-databind-2.5.4.jar
7fc7278d3000-7fc7278d5000 r--s 00008000 08:07 2259580                    /opt/play-2.2.1/repository/cache/com.fasterxml.jackson.core/jackson-annotations/bundles/jackson-annotations-2.5.4.jar
7fc7278d5000-7fc7278d9000 r--s 00035000 08:07 2259578                    /opt/play-2.2.1/repository/cache/com.fasterxml.jackson.core/jackson-core/bundles/jackson-core-2.5.4.jar
7fc7278d9000-7fc7278dd000 r--s 00016000 08:07 2259576                    /opt/play-2.2.1/repository/cache/org.joda/joda-convert/jars/joda-convert-1.7.jar
7fc7278dd000-7fc7278ed000 r--s 00088000 08:07 2259574                    /opt/play-2.2.1/repository/cache/joda-time/joda-time/jars/joda-time-2.8.1.jar
7fc7278ed000-7fc7278ee000 r--s 00001000 08:07 2259572                    /opt/play-2.2.1/repository/cache/com.typesafe.play/play-datacommons_2.10/jars/play-datacommons_2.10-2.4.4.jar
7fc7278ee000-7fc7278f7000 r--s 0005a000 08:07 2259570                    /opt/play-2.2.1/repository/cache/com.typesafe.play/play-functional_2.10/jars/play-functional_2.10-2.4.4.jar
7fc7278f7000-7fc727900000 r--s 00096000 08:07 2757106                    /opt/play-2.2.1/repository/local/org.scala-stm/scala-stm_2.10/0.7/jars/scala-stm_2.10.jar
7fc727900000-7fc727912000 r--s 000ad000 08:07 2259568                    /opt/play-2.2.1/repository/cache/com.typesafe.play/play-iteratees_2.10/jars/play-iteratees_2.10-2.4.4.jar
7fc727912000-7fc72791e000 r--s 0008c000 08:07 1975144                    /opt/play-2.2.1/repository/cache/com.typesafe.play/play-json_2.10/jars/play-json_2.10-2.4.4.jar
7fc72791e000-7fc727921000 r--s 003e5000 08:07 1975129                    /opt/play-2.2.1/repository/cache/scala_2.10/sbt_0.13/org.irundaia.sbt/sbt-sassify/jars/sbt-sassify-1.4.2.jar
7fc727921000-7fc727922000 r--s 00001000 08:07 2259566                    /opt/play-2.2.1/repository/cache/org.webjars/diff/jars/diff-1.0.7.jar
7fc727922000-7fc727924000 r--s 00000000 08:07 2259564                    /opt/play-2.2.1/repository/cache/org.webjars/debug/jars/debug-0.7.4.jar
7fc727924000-7fc727927000 r--s 0000c000 08:07 2259562                    /opt/play-2.2.1/repository/cache/org.webjars/mocha/jars/mocha-1.17.1.jar
7fc727927000-7fc72792c000 r--s 00026000 08:07 1975127                    /opt/play-2.2.1/repository/cache/scala_2.10/sbt_0.13/com.typesafe.sbt/sbt-mocha/jars/sbt-mocha-1.1.0.jar
7fc72792c000-7fc72792f000 r--s 00011000 08:07 1975125                    /opt/play-2.2.1/repository/cache/scala_2.10/sbt_0.13/com.typesafe.sbt/sbt-digest/jars/sbt-digest-1.1.0.jar
7fc72792f000-7fc727931000 r--s 00035000 08:07 2259560                    /opt/play-2.2.1/repository/cache/org.webjars/rjs/jars/rjs-2.1.15.jar
7fc727931000-7fc727934000 r--s 0000f000 08:07 1975123                    /opt/play-2.2.1/repository/cache/scala_2.10/sbt_0.13/com.typesafe.sbt/sbt-rjs/jars/sbt-rjs-1.0.7.jar
7fc727934000-7fc727936000 r--s 00000000 08:07 2259554                    /opt/play-2.2.1/repository/cache/org.webjars/strip-json-comments/jars/strip-json-comments-1.0.2-1.jar
7fc727936000-7fc727938000 r--s 00000000 08:07 2259558                    /opt/play-2.2.1/repository/cache/org.webjars/console-browserify/jars/console-browserify-0.1.6-1.jar
7fc727938000-7fc72793a000 r--s 00006000 08:07 2259556                    /opt/play-2.2.1/repository/cache/org.webjars/underscorejs/jars/underscorejs-1.5.2-2.jar
7fc72793a000-7fc72793c000 r--s 00028000 08:07 2110119                    /opt/play-2.2.1/repository/cache/org.webjars/jshint-node/jars/jshint-node-2.4.3.jar
7fc72793c000-7fc72793d000 r--s 00004000 08:07 2110011                    /opt/play-2.2.1/repository/cache/scala_2.10/sbt_0.13/com.typesafe.sbt/sbt-jshint/jars/sbt-jshint-1.0.3.jar
7fc72793d000-7fc72793f000 r--s 00005000 08:07 2259550                    /opt/play-2.2.1/repository/cache/org.webjars/es6-promise-node/jars/es6-promise-node-2.1.1.jar
7fc72793f000-7fc727942000 r--s 00009000 08:07 2259548                    /opt/play-2.2.1/repository/cache/org.webjars/clean-css/jars/clean-css-2.2.7.jar
7fc727942000-7fc727944000 r--s 00000000 08:07 2259546                    /opt/play-2.2.1/repository/cache/org.webjars/mkdirp/jars/mkdirp-0.5.0.jar
7fc727944000-7fc727945000 r--s 00001000 08:07 2259552                    /opt/play-2.2.1/repository/cache/org.webjars/amdefine/jars/amdefine-0.1.0-2.jar
7fc727945000-7fc727947000 r--s 00005000 08:07 2259544                    /opt/play-2.2.1/repository/cache/org.webjars/source-map/jars/source-map-0.1.40-1.jar
7fc727947000-7fc72794b000 r--s 00020000 08:07 2259542                    /opt/play-2.2.1/repository/cache/org.webjars/less-node/jars/less-node-2.5.0.jar
7fc72794b000-7fc72794d000 r--s 00008000 08:07 2110009                    /opt/play-2.2.1/repository/cache/scala_2.10/sbt_0.13/com.typesafe.sbt/sbt-less/jars/sbt-less-1.1.0.jar
7fc72794d000-7fc72794f000 r--s 00013000 08:07 2259540                    /opt/play-2.2.1/repository/cache/org.webjars/coffee-script-node/jars/coffee-script-node-1.7.1.jar
7fc72794f000-7fc727951000 r--s 00003000 08:07 2110007                    /opt/play-2.2.1/repository/cache/scala_2.10/sbt_0.13/com.typesafe.sbt/sbt-coffeescript/jars/sbt-coffeescript-1.0.0.jar
7fc727951000-7fc7279a1000 r--s 0028c000 08:07 2259538                    /opt/play-2.2.1/repository/cache/org.webjars/npm/jars/npm-2.11.2.jar
7fc7279a1000-7fc7279a2000 r--s 00001000 08:07 2110101                    /opt/play-2.2.1/repository/cache/com.typesafe/npm_2.10/jars/npm_2.10-1.1.1.jar
7fc7279a2000-7fc7279a3000 r--s 00007000 08:07 2259536                    /opt/play-2.2.1/repository/cache/org.slf4j/slf4j-api/jars/slf4j-api-1.7.12.jar
7fc7279a3000-7fc7279a4000 r--s 00002000 08:07 2110113                    /opt/play-2.2.1/repository/cache/org.slf4j/slf4j-simple/jars/slf4j-simple-1.7.12.jar
7fc7279a4000-7fc7279a8000 r--s 00043000 08:07 2110111                    /opt/play-2.2.1/repository/cache/io.spray/spray-json_2.10/bundles/spray-json_2.10-1.3.2.jar
7fc7279a8000-7fc7279ac000 r--s 000ac000 08:07 2110109                    /opt/play-2.2.1/repository/cache/io.apigee.trireme/trireme-node10src/jars/trireme-node10src-0.8.5.jar
7fc7279ac000-7fc7279b9000 r--s 0010f000 08:07 2259534                    /opt/play-2.2.1/repository/cache/io.apigee/rhino/jars/rhino-1.7R5pre4.jar
7fc7279b9000-7fc7279c1000 r--s 00060000 08:07 2110107                    /opt/play-2.2.1/repository/cache/io.apigee.trireme/trireme-core/jars/trireme-core-0.8.5.jar
7fc7279c1000-7fc7279c2000 r--s 0001e000 08:07 2259530                    /opt/play-2.2.1/repository/cache/org.fusesource.leveldbjni/leveldbjni-win64/jars/leveldbjni-win64-1.5.jar
7fc7279c2000-7fc7279c3000 r--s 0001b000 08:07 2259528                    /opt/play-2.2.1/repository/cache/org.fusesource.leveldbjni/leveldbjni-win32/jars/leveldbjni-win32-1.5.jar
7fc7279c3000-7fc7279c4000 r--s 00044000 08:07 2259526                    /opt/play-2.2.1/repository/cache/org.fusesource.leveldbjni/leveldbjni-linux64/jars/leveldbjni-linux64-1.5.jar
7fc7279c4000-7fc7279c5000 r--s 00044000 08:07 2259524                    /opt/play-2.2.1/repository/cache/org.fusesource.leveldbjni/leveldbjni-linux32/jars/leveldbjni-linux32-1.5.jar
7fc7279c5000-7fc7279c6000 r--s 00028000 08:07 2259522                    /opt/play-2.2.1/repository/cache/org.fusesource.leveldbjni/leveldbjni-osx/jars/leveldbjni-osx-1.5.jar
7fc7279c6000-7fc7279c7000 r--s 00004000 08:07 2259532                    /opt/play-2.2.1/repository/cache/org.fusesource.hawtjni/hawtjni-runtime/jars/hawtjni-runtime-1.8.jar
7fc7279c7000-7fc7279c9000 r--s 0000c000 08:07 2110117                    /opt/play-2.2.1/repository/cache/org.fusesource.leveldbjni/leveldbjni/jars/leveldbjni-1.7.jar
7fc7279c9000-7fc7279cc000 r--s 000fa000 08:07 2259520                    /opt/play-2.2.1/repository/cache/org.fusesource.leveldbjni/leveldbjni-all/bundles/leveldbjni-all-1.7.jar
7fc7279cc000-7fc7279ee000 r--s 00195000 08:07 1975142                    /opt/play-2.2.1/repository/cache/com.google.guava/guava/jars/guava-12.0.jar
7fc7279ee000-7fc7279f0000 r--s 00001000 08:07 2110115                    /opt/play-2.2.1/repository/cache/org.iq80.leveldb/leveldb-api/jars/leveldb-api-0.5.jar
7fc7279f0000-7fc7279f4000 r--s 00034000 08:07 2259518                    /opt/play-2.2.1/repository/cache/org.iq80.leveldb/leveldb/jars/leveldb-0.5.jar
7fc7279f4000-7fc727a02000 r--s 000bf000 08:07 2259510                    /opt/play-2.2.1/repository/cache/com.typesafe.akka/akka-persistence-experimental_2.10/jars/akka-persistence-experimental_2.10-2.3.11.jar
7fc727a02000-7fc727a12000 r--s 000f7000 08:07 2259508                    /opt/play-2.2.1/repository/cache/com.typesafe.akka/akka-cluster_2.10/jars/akka-cluster_2.10-2.3.11.jar
7fc727a12000-7fc727a14000 r--s 0000a000 08:07 2259516                    /opt/play-2.2.1/repository/cache/org.uncommons.maths/uncommons-maths/jars/uncommons-maths-1.2.2a.jar
7fc727a14000-7fc727a1c000 r--s 0007b000 08:07 2259514                    /opt/play-2.2.1/repository/cache/com.google.protobuf/protobuf-java/bundles/protobuf-java-2.5.0.jar
7fc727a1c000-7fc727a34000 r--s 00115000 08:07 2259512                    /opt/play-2.2.1/repository/cache/io.netty/netty/bundles/netty-3.8.0.Final.jar
7fc727a34000-7fc727a4a000 r--s 00135000 08:07 2259506                    /opt/play-2.2.1/repository/cache/com.typesafe.akka/akka-remote_2.10/jars/akka-remote_2.10-2.3.11.jar
7fc727a4a000-7fc727a59000 r--s 000bf000 08:07 2110105                    /opt/play-2.2.1/repository/cache/com.typesafe.akka/akka-contrib_2.10/jars/akka-contrib_2.10-2.3.11.jar
7fc727a59000-7fc727a7f000 r--s 00263000 08:07 2110103                    /opt/play-2.2.1/repository/cache/com.typesafe.akka/akka-actor_2.10/jars/akka-actor_2.10-2.3.11.jar
7fc727a7f000-7fc727a83000 r--s 00022000 08:07 2110099                    /opt/play-2.2.1/repository/cache/com.typesafe/jse_2.10/jars/jse_2.10-1.1.2.jar
7fc727a83000-7fc727a87000 r--s 00020000 08:07 2110017                    /opt/play-2.2.1/repository/cache/scala_2.10/sbt_0.13/com.typesafe.sbt/sbt-js-engine/jars/sbt-js-engine-1.1.3.jar
7fc727a87000-7fc727a8e000 r--s 00056000 08:07 2110097                    /opt/play-2.2.1/repository/cache/org.apache.commons/commons-compress/jars/commons-compress-1.9.jar
7fc727a8e000-7fc727a8f000 r--s 00006000 08:07 2110095                    /opt/play-2.2.1/repository/cache/org.webjars/webjars-locator-core/jars/webjars-locator-core-0.26.jar
7fc727a8f000-7fc727a97000 r--s 00040000 08:07 2110015                    /opt/play-2.2.1/repository/cache/scala_2.10/sbt_0.13/com.typesafe.sbt/sbt-web/jars/sbt-web-1.3.0.jar
7fc727a97000-7fc727ad7000 r--s 00277000 08:07 2110091                    /opt/play-2.2.1/repository/cache/org.bouncycastle/bcprov-jdk15on/jars/bcprov-jdk15on-1.51.jar
7fc727ad7000-7fc727ade000 r--s 00038000 08:07 2110039                    /opt/play-2.2.1/repository/cache/org.bouncycastle/bcpg-jdk15on/jars/bcpg-jdk15on-1.51.jar
7fc727ade000-7fc727afd000 r--s 001cc000 08:07 2110037                    /opt/play-2.2.1/repository/cache/org.apache.ant/ant/jars/ant-1.9.3.jar
7fc727afd000-7fc727cfd000 rw-p 00000000 00:00 0 
7fc727cfd000-7fc727d00000 ---p 00000000 00:00 0 
7fc727d00000-7fc727dfe000 rw-p 00000000 00:00 0                          [stack:11916]
7fc727dfe000-7fc727e01000 ---p 00000000 00:00 0 
7fc727e01000-7fc727eff000 rw-p 00000000 00:00 0                          [stack:10249]
7fc727eff000-7fc727f02000 ---p 00000000 00:00 0 
7fc727f02000-7fc728000000 rw-p 00000000 00:00 0                          [stack:10247]
7fc728000000-7fc7280b3000 rw-p 00000000 00:00 0 
7fc7280b3000-7fc72c000000 ---p 00000000 00:00 0 
7fc72c000000-7fc72c183000 rw-p 00000000 00:00 0 
7fc72c183000-7fc730000000 ---p 00000000 00:00 0 
7fc730000000-7fc730021000 rw-p 00000000 00:00 0 
7fc730021000-7fc734000000 ---p 00000000 00:00 0 
7fc734000000-7fc734021000 rw-p 00000000 00:00 0 
7fc734021000-7fc738000000 ---p 00000000 00:00 0 
7fc738000000-7fc738021000 rw-p 00000000 00:00 0 
7fc738021000-7fc73c000000 ---p 00000000 00:00 0 
7fc73c000000-7fc73c021000 rw-p 00000000 00:00 0 
7fc73c021000-7fc740000000 ---p 00000000 00:00 0 
7fc740000000-7fc741c92000 rw-p 00000000 00:00 0 
7fc741c92000-7fc744000000 ---p 00000000 00:00 0 
7fc744000000-7fc7454a7000 rw-p 00000000 00:00 0 
7fc7454a7000-7fc748000000 ---p 00000000 00:00 0 
7fc748000000-7fc748021000 rw-p 00000000 00:00 0 
7fc748021000-7fc74c000000 ---p 00000000 00:00 0 
7fc74c000000-7fc74e06d000 rw-p 00000000 00:00 0 
7fc74e06d000-7fc750000000 ---p 00000000 00:00 0 
7fc750000000-7fc750021000 rw-p 00000000 00:00 0 
7fc750021000-7fc754000000 ---p 00000000 00:00 0 
7fc754000000-7fc754021000 rw-p 00000000 00:00 0 
7fc754021000-7fc758000000 ---p 00000000 00:00 0 
7fc758000000-7fc75828d000 rw-p 00000000 00:00 0 
7fc75828d000-7fc75c000000 ---p 00000000 00:00 0 
7fc75c000000-7fc75c002000 r--s 00002000 08:07 2110093                    /opt/play-2.2.1/repository/cache/org.webjars/webjars-locator/jars/webjars-locator-0.26.jar
7fc75c002000-7fc75c003000 r--s 00004000 08:07 2110089                    /opt/play-2.2.1/repository/cache/org.apache.ant/ant-launcher/jars/ant-launcher-1.9.3.jar
7fc75c003000-7fc75c007000 r--s 00020000 08:07 2110055                    /opt/play-2.2.1/repository/cache/org.eclipse.aether/aether-impl/jars/aether-impl-0.9.0.M2.jar
7fc75c007000-7fc75c00b000 r--s 0001d000 08:07 2110059                    /opt/play-2.2.1/repository/cache/org.eclipse.aether/aether-util/jars/aether-util-0.9.0.M2.jar
7fc75c00b000-7fc75c00d000 r--s 00003000 08:07 2110087                    /opt/play-2.2.1/repository/cache/org.eclipse.aether/aether-spi/jars/aether-spi-0.9.0.M2.jar
7fc75c00d000-7fc75c011000 r--s 0001d000 08:07 2110057                    /opt/play-2.2.1/repository/cache/org.eclipse.aether/aether-api/jars/aether-api-0.9.0.M2.jar
7fc75c011000-7fc75c013000 r--s 0000e000 08:07 2110053                    /opt/play-2.2.1/repository/cache/org.apache.maven/maven-aether-provider/jars/maven-aether-provider-3.2.2.jar
7fc75c013000-7fc75c018000 r--s 00025000 08:07 2110051                    /opt/play-2.2.1/repository/cache/org.apache.maven/maven-model-builder/jars/maven-model-builder-3.2.2.jar
7fc75c018000-7fc75c01b000 r--s 0000a000 08:07 2110065                    /opt/play-2.2.1/repository/cache/org.codehaus.plexus/plexus-classworlds/bundles/plexus-classworlds-2.5.1.jar
7fc75c01b000-7fc75c021000 r--s 00042000 08:07 2110077                    /opt/play-2.2.1/repository/cache/org.eclipse.sisu/org.eclipse.sisu.inject/eclipse-plugins/org.eclipse.sisu.inject-0.0.0.M5.jar
7fc75c021000-7fc75c023000 r--s 00000000 08:07 2110085                    /opt/play-2.2.1/repository/cache/aopalliance/aopalliance/jars/aopalliance-1.0.jar
7fc75c023000-7fc75c02b000 r--s 00050000 08:07 2110075                    /opt/play-2.2.1/repository/cache/org.sonatype.sisu/sisu-guice/jars/sisu-guice-3.1.0-no_aop.jar
7fc75c02b000-7fc75c02e000 r--s 00006000 08:07 2110083                    /opt/play-2.2.1/repository/cache/com.google.code.findbugs/jsr305/jars/jsr305-1.3.9.jar
7fc75c02e000-7fc75c02f000 r--s 00000000 08:07 2110081                    /opt/play-2.2.1/repository/cache/javax.inject/javax.inject/jars/javax.inject-1.jar
7fc75c02f000-7fc75c030000 r--s 00001000 08:07 2110079                    /opt/play-2.2.1/repository/cache/javax.annotation/jsr250-api/jars/jsr250-api-1.0.jar
7fc75c030000-7fc75c033000 r--s 00008000 08:07 2110073                    /opt/play-2.2.1/repository/cache/javax.enterprise/cdi-api/jars/cdi-api-1.0.jar
7fc75c033000-7fc75c039000 r--s 0002a000 08:07 1975140                    /opt/play-2.2.1/repository/cache/org.eclipse.sisu/org.eclipse.sisu.plexus/eclipse-plugins/org.eclipse.sisu.plexus-0.0.0.M5.jar
7fc75c039000-7fc75c03b000 r--s 0000a000 08:07 2110035                    /opt/play-2.2.1/repository/cache/org.apache.maven/maven-plugin-api/jars/maven-plugin-api-3.2.2.jar
7fc75c03b000-7fc75c03e000 r--s 0000b000 08:07 2110049                    /opt/play-2.2.1/repository/cache/org.apache.maven/maven-artifact/jars/maven-artifact-3.2.2.jar
7fc75c03e000-7fc75c040000 r--s 00005000 08:07 2110047                    /opt/play-2.2.1/repository/cache/org.apache.maven/maven-repository-metadata/jars/maven-repository-metadata-3.2.2.jar
7fc75c040000-7fc75c042000 r--s 00002000 08:07 2110071                    /opt/play-2.2.1/repository/cache/org.sonatype.plexus/plexus-cipher/jars/plexus-cipher-1.4.jar
7fc75c042000-7fc75c043000 r--s 00006000 08:07 2110069                    /opt/play-2.2.1/repository/cache/org.sonatype.plexus/plexus-sec-dispatcher/jars/plexus-sec-dispatcher-1.3.jar
7fc75c043000-7fc75c045000 r--s 00000000 08:07 2110067                    /opt/play-2.2.1/repository/cache/org.codehaus.plexus/plexus-component-annotations/jars/plexus-component-annotations-1.5.5.jar
7fc75c045000-7fc75c048000 r--s 0000d000 08:07 2110061                    /opt/play-2.2.1/repository/cache/org.codehaus.plexus/plexus-interpolation/jars/plexus-interpolation-1.19.jar
7fc75c048000-7fc75c04a000 r--s 00009000 08:07 2110045                    /opt/play-2.2.1/repository/cache/org.apache.maven/maven-settings-builder/jars/maven-settings-builder-3.2.2.jar
7fc75c04a000-7fc75c04c000 r--s 00009000 08:07 2110043                    /opt/play-2.2.1/repository/cache/org.apache.maven/maven-settings/jars/maven-settings-3.2.2.jar
7fc75c04c000-7fc75c050000 r--s 0003a000 08:07 2110063                    /opt/play-2.2.1/repository/cache/org.codehaus.plexus/plexus-utils/jars/plexus-utils-3.0.17.jar
7fc75c050000-7fc75c053000 r--s 00025000 08:07 2110041                    /opt/play-2.2.1/repository/cache/org.apache.maven/maven-model/jars/maven-model-3.2.2.jar
7fc75c053000-7fc75c05f000 r--s 00081000 08:07 2110033                    /opt/play-2.2.1/repository/cache/org.apache.maven/maven-core/jars/maven-core-3.2.2.jar
7fc75c05f000-7fc75c075000 r--s 0010a000 08:07 2110031                    /opt/play-2.2.1/repository/cache/org.vafer/jdeb/jars/jdeb-1.3.jar
7fc75c075000-7fc75c090000 r--s 000f0000 08:07 1975138                    /opt/play-2.2.1/repository/cache/scala_2.10/sbt_0.13/com.typesafe.sbt/sbt-native-packager/jars/sbt-native-packager-1.0.3.jar
7fc75c090000-7fc75c098000 r--s 00041000 08:07 2110029                    /opt/play-2.2.1/repository/cache/com.typesafe.play/twirl-parser_2.10/jars/twirl-parser_2.10-1.1.1.jar
7fc75c098000-7fc75c09b000 r--s 00019000 08:07 2110027                    /opt/play-2.2.1/repository/cache/com.typesafe.play/twirl-compiler_2.10/jars/twirl-compiler_2.10-1.1.1.jar
7fc75c09b000-7fc75c09e000 r--s 00011000 08:07 2110013                    /opt/play-2.2.1/repository/cache/scala_2.10/sbt_0.13/com.typesafe.sbt/sbt-twirl/jars/sbt-twirl-1.1.1.jar
7fc75c09e000-7fc75c0a0000 r--s 000a0000 08:07 1975137                    /opt/play-2.2.1/repository/cache/net.contentobjects.jnotify/jnotify/jars/jnotify-0.94-play-1.jar
7fc75c0a0000-7fc75c0a5000 r--s 0003f000 08:07 1975135                    /opt/play-2.2.1/repository/cache/com.typesafe/config/bundles/config-1.3.0.jar
7fc75c0a5000-7fc75c0a7000 r--s 00000000 08:07 2110025                    /opt/play-2.2.1/repository/cache/com.typesafe.play/play-exceptions/jars/play-exceptions-2.5.2.jar
7fc75c0a7000-7fc75c0a8000 r--s 00000000 08:07 2110023                    /opt/play-2.2.1/repository/cache/com.typesafe.play/build-link/jars/build-link-2.5.2.jar
7fc75c0a8000-7fc75c0ac000 r--s 00022000 08:07 1975133                    /opt/play-2.2.1/repository/cache/com.typesafe.play/sbt-run-support_2.10/jars/sbt-run-support_2.10-2.5.2.jar
7fc75c0ac000-7fc75c0b0000 r--s 0002a000 08:07 2497638                    /opt/play-2.2.1/repository/local/commons-io/commons-io/2.4/jars/commons-io.jar
7fc75c0b0000-7fc75c0b7000 r--s 00064000 08:07 2110021                    /opt/play-2.2.1/repository/cache/org.apache.commons/commons-lang3/jars/commons-lang3-3.4.jar
7fc75c0b7000-7fc75c0b9000 r--s 0000d000 08:07 2110019                    /opt/play-2.2.1/repository/cache/com.typesafe.play/twirl-api_2.10/jars/twirl-api_2.10-1.1.1.jar
7fc75c0b9000-7fc75c0c9000 r--s 00086000 08:07 1975131                    /opt/play-2.2.1/repository/cache/com.typesafe.play/sbt-routes-compiler_2.10/jars/sbt-routes-compiler_2.10-2.5.2.jar
7fc75c0c9000-7fc75c0d2000 r--s 00054000 08:07 1975121                    /opt/play-2.2.1/repository/cache/scala_2.10/sbt_0.13/com.typesafe.play/sbt-plugin/jars/sbt-plugin-2.5.2.jar
7fc75c0d2000-7fc75c2d2000 rw-p 00000000 00:00 0 
7fc75c2d2000-7fc75c2d5000 ---p 00000000 00:00 0 
7fc75c2d5000-7fc75c3d3000 rw-p 00000000 00:00 0                          [stack:11833]
7fc75c3d3000-7fc75c3d6000 ---p 00000000 00:00 0 
7fc75c3d6000-7fc75c4d4000 rw-p 00000000 00:00 0                          [stack:11914]
7fc75c4d4000-7fc75c4d7000 ---p 00000000 00:00 0 
7fc75c4d7000-7fc75c5d5000 rw-p 00000000 00:00 0                          [stack:11925]
7fc75c5d5000-7fc75c5d8000 ---p 00000000 00:00 0 
7fc75c5d8000-7fc75c8d6000 rw-p 00000000 00:00 0                          [stack:11915]
7fc75c8d6000-7fc75cad6000 rw-p 00000000 00:00 0 
7fc75cad6000-7fc75ccd6000 rw-p 00000000 00:00 0 
7fc75ccd6000-7fc75ced6000 rw-p 00000000 00:00 0 
7fc75ced6000-7fc75cee9000 r--s 00344000 08:07 1199177                    /usr/lib/jvm/java-8-oracle/jre/lib/resources.jar
7fc75cee9000-7fc75d0e9000 rw-p 00000000 00:00 0 
7fc75d0e9000-7fc75d2e9000 rw-p 00000000 00:00 0 
7fc75d2e9000-7fc75d4e9000 rw-p 00000000 00:00 0 
7fc75d4e9000-7fc75d6e9000 rw-p 00000000 00:00 0 
7fc75d719000-7fc75d71a000 rw-p 00000000 00:00 0 
7fc75d71a000-7fc75d71c000 r--s 00007000 08:07 527355                     /tmp/sbt_56cb336b/srcs/org.scala-sbt/compiler-interface/compiler-interface-0.13.11-sources.jar
7fc75d71c000-7fc75d720000 r--s 00031000 08:07 2110454                    /opt/play-2.2.1/repository/cache/jline/jline/jars/jline-2.12.1.jar
7fc75d720000-7fc75d72b000 r--s 00094000 08:07 2624514                    /opt/play-2.2.1/repository/cache/org.scala-lang.modules/scala-xml_2.11/bundles/scala-xml_2.11-1.0.4.jar
7fc75d72b000-7fc75d72f000 r--s 0003a000 08:07 1975196                    /usr/lib/jvm/java-8-oracle/jre/lib/ext/sunpkcs11.jar
7fc75d72f000-7fc75d730000 r--s 00010000 08:07 1975191                    /usr/lib/jvm/java-8-oracle/jre/lib/ext/zipfs.jar
7fc75d730000-7fc75d74b000 r--s 001d2000 08:07 1975190                    /usr/lib/jvm/java-8-oracle/jre/lib/ext/nashorn.jar
7fc75d74b000-7fc75d74d000 r--s 00001000 08:07 1975188                    /usr/lib/jvm/java-8-oracle/jre/lib/ext/dnsns.jar
7fc75d74d000-7fc75d74e000 r--s 0000a000 08:07 1975187                    /usr/lib/jvm/java-8-oracle/jre/lib/ext/jaccess.jar
7fc75d74e000-7fc75d753000 r--s 00084000 08:07 1199103                    /usr/lib/jvm/java-8-oracle/jre/lib/jfr.jar
7fc75d753000-7fc75d758000 r--s 002f9000 08:07 1199053                    /usr/lib/jvm/java-8-oracle/jre/lib/charsets.jar
7fc75d758000-7fc75d761000 r--s 00066000 08:07 2753709                    /opt/play-2.2.1/repository/cache/io.netty/netty-codec-http/jars/netty-codec-http-4.0.36.Final.jar
7fc75d761000-7fc75d961000 rw-p 00000000 00:00 0 
7fc75d961000-7fc75db61000 rw-p 00000000 00:00 0 
7fc75db61000-7fc75db65000 r--s 00097000 08:07 1199175                    /usr/lib/jvm/java-8-oracle/jre/lib/jsse.jar
7fc75db65000-7fc75db68000 ---p 00000000 00:00 0 
7fc75db68000-7fc75db9e000 rw-p 00000000 00:00 0 
7fc75db9e000-7fc75dba0000 r--s 0000b000 08:07 1974976                    /opt/play-2.2.1/framework/sbt/boot/scala-2.10.6/org.scala-sbt/sbt/0.13.11/xsbti/interface-0.13.11.jar
7fc75dba0000-7fc75dba2000 r--s 00007000 08:07 1974952                    /opt/play-2.2.1/framework/sbt/boot/scala-2.10.6/org.scala-sbt/sbt/0.13.11/compiler-ivy-integration-0.13.11.jar
7fc75dba2000-7fc75dbd7000 r--s 002da000 08:07 1974944                    /opt/play-2.2.1/framework/sbt/boot/scala-2.10.6/org.scala-sbt/sbt/0.13.11/scala-reflect-2.10.6.jar
7fc75dbd7000-7fc75dbdd000 r--s 00040000 08:07 1974967                    /opt/play-2.2.1/framework/sbt/boot/scala-2.10.6/org.scala-sbt/sbt/0.13.11/api-0.13.11.jar
7fc75dbdd000-7fc75dbe2000 r--s 00024000 08:07 1974979                    /opt/play-2.2.1/framework/sbt/boot/scala-2.10.6/org.scala-sbt/sbt/0.13.11/persist-0.13.11.jar
7fc75dbe2000-7fc75dbe3000 r--s 00005000 08:07 1974953                    /opt/play-2.2.1/framework/sbt/boot/scala-2.10.6/org.scala-sbt/sbt/0.13.11/test-agent-0.13.11.jar
7fc75dbe3000-7fc75dbe5000 r--s 0001a000 08:07 1974957                    /opt/play-2.2.1/framework/sbt/boot/scala-2.10.6/org.scala-sbt/sbt/0.13.11/jansi-1.11.jar
7fc75dbe5000-7fc75dbe8000 r--s 0001a000 08:07 1974943                    /opt/play-2.2.1/framework/sbt/boot/scala-2.10.6/org.scala-sbt/sbt/0.13.11/cache-0.13.11.jar
7fc75dbe8000-7fc75dbea000 r--s 00002000 08:07 1974965                    /opt/play-2.2.1/framework/sbt/boot/scala-2.10.6/org.scala-sbt/sbt/0.13.11/test-interface-1.0.jar
7fc75dbea000-7fc75dbec000 r--s 00001000 08:07 1974988                    /opt/play-2.2.1/framework/sbt/boot/scala-2.10.6/org.scala-sbt/sbt/0.13.11/cross-0.13.11.jar
7fc75dbec000-7fc75ddec000 rw-p 00000000 00:00 0 
7fc75ddec000-7fc75ddf5000 r--s 0006f000 08:07 1974990                    /opt/play-2.2.1/framework/sbt/boot/scala-2.10.6/org.scala-sbt/sbt/0.13.11/actions-0.13.11.jar
7fc75ddf5000-7fc75ddf7000 r--s 00006000 08:07 1974947                    /opt/play-2.2.1/framework/sbt/boot/scala-2.10.6/org.scala-sbt/sbt/0.13.11/relation-0.13.11.jar
7fc75ddf7000-7fc75de01000 r--s 00085000 08:07 1974969                    /opt/play-2.2.1/framework/sbt/boot/scala-2.10.6/org.scala-sbt/sbt/0.13.11/json4s-core_2.10-3.2.10.jar
7fc75de01000-7fc75de04000 r--s 00013000 08:07 1974970                    /opt/play-2.2.1/framework/sbt/boot/scala-2.10.6/org.scala-sbt/sbt/0.13.11/classpath-0.13.11.jar
7fc75de04000-7fc75de0c000 r--s 00060000 08:07 1974982                    /opt/play-2.2.1/framework/sbt/boot/scala-2.10.6/org.scala-sbt/sbt/0.13.11/collections-0.13.11.jar
7fc75de0c000-7fc75de0e000 r--s 00014000 08:07 1974986                    /opt/play-2.2.1/framework/sbt/boot/scala-2.10.6/org.scala-sbt/sbt/0.13.11/apply-macro-0.13.11.jar
7fc75de0e000-7fc75de10000 r--s 00007000 08:07 1974959                    /opt/play-2.2.1/framework/sbt/boot/scala-2.10.6/org.scala-sbt/sbt/0.13.11/paranamer-2.6.jar
7fc75de10000-7fc75de16000 r--s 00038000 08:07 1974958                    /opt/play-2.2.1/framework/sbt/boot/scala-2.10.6/org.scala-sbt/sbt/0.13.11/compile-0.13.11.jar
7fc75de16000-7fc75de17000 r--s 00005000 08:07 1974972                    /opt/play-2.2.1/framework/sbt/boot/scala-2.10.6/org.scala-sbt/sbt/0.13.11/sbt-0.13.11.jar
7fc75de17000-7fc75de1a000 r--s 0001d000 08:07 1974955                    /opt/play-2.2.1/framework/sbt/boot/scala-2.10.6/org.scala-sbt/sbt/0.13.11/task-system-0.13.11.jar
7fc75de1a000-7fc75de26000 r--s 000a4000 08:07 1974946                    /opt/play-2.2.1/framework/sbt/boot/scala-2.10.6/org.scala-sbt/sbt/0.13.11/quasiquotes_2.10-2.0.1.jar
7fc75de26000-7fc75de2b000 r--s 00037000 08:07 1974960                    /opt/play-2.2.1/framework/sbt/boot/scala-2.10.6/org.scala-sbt/sbt/0.13.11/command-0.13.11.jar
7fc75de2b000-7fc75de2d000 r--s 00017000 08:07 1974991                    /opt/play-2.2.1/framework/sbt/boot/scala-2.10.6/org.scala-sbt/sbt/0.13.11/testing-0.13.11.jar
7fc75de2d000-7fc75de2f000 r--s 00002000 08:07 1974961                    /opt/play-2.2.1/framework/sbt/boot/scala-2.10.6/org.scala-sbt/sbt/0.13.11/control-0.13.11.jar
7fc75de2f000-7fc75de5c000 r--s 00242000 08:07 1974962                    /opt/play-2.2.1/framework/sbt/boot/scala-2.10.6/org.scala-sbt/sbt/0.13.11/main-0.13.11.jar
7fc75de5c000-7fc75de5e000 r--s 0000b000 08:07 1974954                    /opt/play-2.2.1/framework/sbt/boot/scala-2.10.6/org.scala-sbt/sbt/0.13.11/tracking-0.13.11.jar
7fc75de5e000-7fc75de64000 r--s 00038000 08:07 1974985                    /opt/play-2.2.1/framework/sbt/boot/scala-2.10.6/org.scala-sbt/sbt/0.13.11/compiler-interface-0.13.11.jar
7fc75de64000-7fc75de68000 r--s 0001b000 08:07 1974973                    /opt/play-2.2.1/framework/sbt/boot/scala-2.10.6/org.scala-sbt/sbt/0.13.11/process-0.13.11.jar
7fc75de68000-7fc75de6c000 r--s 0001d000 08:07 1974968                    /opt/play-2.2.1/framework/sbt/boot/scala-2.10.6/org.scala-sbt/sbt/0.13.11/tasks-0.13.11.jar
7fc75de6c000-7fc75de81000 r--s 00101000 08:07 1974974                    /opt/play-2.2.1/framework/sbt/boot/scala-2.10.6/org.scala-sbt/sbt/0.13.11/ivy-2.3.0-sbt-2cc8d2761242b072cedb0a04cb39435c4fa24f9a.jar
7fc75de81000-7fc75de88000 r--s 0003f000 08:07 1974956                    /opt/play-2.2.1/framework/sbt/boot/scala-2.10.6/org.scala-sbt/sbt/0.13.11/io-0.13.11.jar
7fc75de88000-7fc75de8c000 r--s 00022000 08:07 1974951                    /opt/play-2.2.1/framework/sbt/boot/scala-2.10.6/org.scala-sbt/sbt/0.13.11/sbinary_2.10-0.4.2.jar
7fc75de8c000-7fc75de8d000 r--s 00001000 08:07 1974983                    /opt/play-2.2.1/framework/sbt/boot/scala-2.10.6/org.scala-sbt/sbt/0.13.11/json4s-support_2.10-0.6.0.jar
7fc75de8d000-7fc75de8f000 r--s 0000e000 08:07 1974978                    /opt/play-2.2.1/framework/sbt/boot/scala-2.10.6/org.scala-sbt/sbt/0.13.11/logic-0.13.11.jar
7fc75de8f000-7fc75de92000 r--s 00018000 08:07 1974980                    /opt/play-2.2.1/framework/sbt/boot/scala-2.10.6/org.scala-sbt/sbt/0.13.11/logging-0.13.11.jar
7fc75de92000-7fc75de9c000 r--s 0006e000 08:07 1974987                    /opt/play-2.2.1/framework/sbt/boot/scala-2.10.6/org.scala-sbt/sbt/0.13.11/incremental-compiler-0.13.11.jar
7fc75de9c000-7fc75dea0000 r--s 00034000 08:07 1974949                    /opt/play-2.2.1/framework/sbt/boot/scala-2.10.6/org.scala-sbt/sbt/0.13.11/jsch-0.1.46.jar
7fc75dea0000-7fc75dea2000 r--s 00013000 08:07 1974984                    /opt/play-2.2.1/framework/sbt/boot/scala-2.10.6/org.scala-sbt/sbt/0.13.11/json4s-ast_2.10-3.2.10.jar
7fc75dea2000-7fc75dea6000 r--s 0001c000 08:07 1974963                    /opt/play-2.2.1/framework/sbt/boot/scala-2.10.6/org.scala-sbt/sbt/0.13.11/compiler-integration-0.13.11.jar
7fc75dea6000-7fc75dead000 r--s 0004b000 08:07 1974981                    /opt/play-2.2.1/framework/sbt/boot/scala-2.10.6/org.scala-sbt/sbt/0.13.11/serialization_2.10-0.1.2.jar
7fc75dead000-7fc75debb000 r--s 000bc000 08:07 1974950                    /opt/play-2.2.1/framework/sbt/boot/scala-2.10.6/org.scala-sbt/sbt/0.13.11/scala-pickling_2.10-0.10.1.jar
7fc75debb000-7fc75debf000 r--s 00039000 08:07 1974948                    /opt/play-2.2.1/framework/sbt/boot/scala-2.10.6/org.scala-sbt/sbt/0.13.11/jline-2.13.jar
7fc75debf000-7fc75dec7000 r--s 00057000 08:07 1974942                    /opt/play-2.2.1/framework/sbt/boot/scala-2.10.6/org.scala-sbt/sbt/0.13.11/completion-0.13.11.jar
7fc75dec7000-7fc75ded2000 r--s 00097000 08:07 1974971                    /opt/play-2.2.1/framework/sbt/boot/scala-2.10.6/org.scala-sbt/sbt/0.13.11/main-settings-0.13.11.jar
7fc75ded2000-7fc75dfd0000 r--s 00cd0000 08:07 1975001                    /opt/play-2.2.1/framework/sbt/boot/scala-2.10.6/lib/scala-compiler.jar
7fc75dfd0000-7fc75e005000 r--s 002da000 08:07 1974999                    /opt/play-2.2.1/framework/sbt/boot/scala-2.10.6/lib/scala-reflect.jar
7fc75e005000-7fc75e016000 r-xp 00000000 08:07 1199139                    /usr/lib/jvm/java-8-oracle/jre/lib/amd64/libnio.so
7fc75e016000-7fc75e215000 ---p 00011000 08:07 1199139                    /usr/lib/jvm/java-8-oracle/jre/lib/amd64/libnio.so
7fc75e215000-7fc75e216000 rw-p 00010000 08:07 1199139                    /usr/lib/jvm/java-8-oracle/jre/lib/amd64/libnio.so
7fc75e216000-7fc75e22c000 r-xp 00000000 08:07 1199162                    /usr/lib/jvm/java-8-oracle/jre/lib/amd64/libnet.so
7fc75e22c000-7fc75e42c000 ---p 00016000 08:07 1199162                    /usr/lib/jvm/java-8-oracle/jre/lib/amd64/libnet.so
7fc75e42c000-7fc75e42d000 rw-p 00016000 08:07 1199162                    /usr/lib/jvm/java-8-oracle/jre/lib/amd64/libnet.so
7fc75e42d000-7fc75e42e000 ---p 00000000 00:00 0 
7fc75e42e000-7fc75e52e000 rw-p 00000000 00:00 0                          [stack:10208]
7fc75e52e000-7fc75e531000 ---p 00000000 00:00 0 
7fc75e531000-7fc75e62f000 rw-p 00000000 00:00 0                          [stack:10207]
7fc75e62f000-7fc75e632000 ---p 00000000 00:00 0 
7fc75e632000-7fc75e730000 rw-p 00000000 00:00 0                          [stack:10206]
7fc75e730000-7fc75e733000 ---p 00000000 00:00 0 
7fc75e733000-7fc75e831000 rw-p 00000000 00:00 0                          [stack:10205]
7fc75e831000-7fc75e834000 ---p 00000000 00:00 0 
7fc75e834000-7fc75e932000 rw-p 00000000 00:00 0                          [stack:10204]
7fc75e932000-7fc75e935000 ---p 00000000 00:00 0 
7fc75e935000-7fc75ea33000 rw-p 00000000 00:00 0                          [stack:10203]
7fc75ea33000-7fc75f115000 r--p 00000000 08:07 1187818                    /usr/lib/locale/locale-archive
7fc75f115000-7fc75f118000 ---p 00000000 00:00 0 
7fc75f118000-7fc75f216000 rw-p 00000000 00:00 0                          [stack:10202]
7fc75f216000-7fc75f219000 ---p 00000000 00:00 0 
7fc75f219000-7fc75f317000 rw-p 00000000 00:00 0                          [stack:10201]
7fc75f317000-7fc75f318000 ---p 00000000 00:00 0 
7fc75f318000-7fc760327000 rw-p 00000000 00:00 0                          [stack:10200]
7fc760327000-7fc760500000 r--s 03d24000 08:07 1199051                    /usr/lib/jvm/java-8-oracle/jre/lib/rt.jar
7fc760500000-7fc764000000 rw-p 00000000 00:00 0 
7fc764000000-7fc764021000 rw-p 00000000 00:00 0 
7fc764021000-7fc768000000 ---p 00000000 00:00 0 
7fc768000000-7fc768038000 rw-p 00000000 00:00 0 
7fc768038000-7fc76c000000 ---p 00000000 00:00 0 
7fc76c000000-7fc76c021000 rw-p 00000000 00:00 0 
7fc76c021000-7fc770000000 ---p 00000000 00:00 0 
7fc770000000-7fc770023000 rw-p 00000000 00:00 0 
7fc770023000-7fc774000000 ---p 00000000 00:00 0 
7fc774000000-7fc7770c0000 rwxp 00000000 00:00 0 
7fc7770c0000-7fc780000000 ---p 00000000 00:00 0 
7fc780000000-7fc7820e1000 rw-p 00000000 00:00 0 
7fc7820e1000-7fc784000000 ---p 00000000 00:00 0 
7fc784000000-7fc784002000 r--s 00012000 08:07 1974989                    /opt/play-2.2.1/framework/sbt/boot/scala-2.10.6/org.scala-sbt/sbt/0.13.11/jawn-parser_2.10-0.6.0.jar
7fc784002000-7fc784024000 r--s 001bc000 08:07 1974977                    /opt/play-2.2.1/framework/sbt/boot/scala-2.10.6/org.scala-sbt/sbt/0.13.11/ivy-0.13.11.jar
7fc784024000-7fc784097000 r--s 0065b000 08:07 1974997                    /opt/play-2.2.1/framework/sbt/boot/scala-2.10.6/lib/scala-library.jar
7fc784097000-7fc78410d000 rw-p 00000000 00:00 0 
7fc78410d000-7fc78410e000 ---p 00000000 00:00 0 
7fc78410e000-7fc78420e000 rw-p 00000000 00:00 0                          [stack:10199]
7fc78420e000-7fc78420f000 ---p 00000000 00:00 0 
7fc78420f000-7fc78430f000 rw-p 00000000 00:00 0                          [stack:10198]
7fc78430f000-7fc784310000 ---p 00000000 00:00 0 
7fc784310000-7fc784410000 rw-p 00000000 00:00 0                          [stack:10197]
7fc784410000-7fc784411000 ---p 00000000 00:00 0 
7fc784411000-7fc784639000 rw-p 00000000 00:00 0                          [stack:10196]
7fc784639000-7fc784711000 ---p 00000000 00:00 0 
7fc784711000-7fc784839000 rw-p 00000000 00:00 0 
7fc784839000-7fc784911000 ---p 00000000 00:00 0 
7fc784911000-7fc7849f9000 rw-p 00000000 00:00 0 
7fc7849f9000-7fc784a11000 ---p 00000000 00:00 0 
7fc784a11000-7fc784ad5000 rw-p 00000000 00:00 0 
7fc784ad5000-7fc784d12000 ---p 00000000 00:00 0 
7fc784d12000-7fc784d2c000 r-xp 00000000 08:07 1199159                    /usr/lib/jvm/java-8-oracle/jre/lib/amd64/libzip.so
7fc784d2c000-7fc784f2c000 ---p 0001a000 08:07 1199159                    /usr/lib/jvm/java-8-oracle/jre/lib/amd64/libzip.so
7fc784f2c000-7fc784f2d000 rw-p 0001a000 08:07 1199159                    /usr/lib/jvm/java-8-oracle/jre/lib/amd64/libzip.so
7fc784f2d000-7fc784f38000 r-xp 00000000 08:07 1577040                    /lib/x86_64-linux-gnu/libnss_files-2.19.so
7fc784f38000-7fc785137000 ---p 0000b000 08:07 1577040                    /lib/x86_64-linux-gnu/libnss_files-2.19.so
7fc785137000-7fc785138000 r--p 0000a000 08:07 1577040                    /lib/x86_64-linux-gnu/libnss_files-2.19.so
7fc785138000-7fc785139000 rw-p 0000b000 08:07 1577040                    /lib/x86_64-linux-gnu/libnss_files-2.19.so
7fc785139000-7fc785144000 r-xp 00000000 08:07 1577050                    /lib/x86_64-linux-gnu/libnss_nis-2.19.so
7fc785144000-7fc785343000 ---p 0000b000 08:07 1577050                    /lib/x86_64-linux-gnu/libnss_nis-2.19.so
7fc785343000-7fc785344000 r--p 0000a000 08:07 1577050                    /lib/x86_64-linux-gnu/libnss_nis-2.19.so
7fc785344000-7fc785345000 rw-p 0000b000 08:07 1577050                    /lib/x86_64-linux-gnu/libnss_nis-2.19.so
7fc785345000-7fc78535c000 r-xp 00000000 08:07 1577034                    /lib/x86_64-linux-gnu/libnsl-2.19.so
7fc78535c000-7fc78555b000 ---p 00017000 08:07 1577034                    /lib/x86_64-linux-gnu/libnsl-2.19.so
7fc78555b000-7fc78555c000 r--p 00016000 08:07 1577034                    /lib/x86_64-linux-gnu/libnsl-2.19.so
7fc78555c000-7fc78555d000 rw-p 00017000 08:07 1577034                    /lib/x86_64-linux-gnu/libnsl-2.19.so
7fc78555d000-7fc78555f000 rw-p 00000000 00:00 0 
7fc78555f000-7fc785568000 r-xp 00000000 08:07 1577036                    /lib/x86_64-linux-gnu/libnss_compat-2.19.so
7fc785568000-7fc785767000 ---p 00009000 08:07 1577036                    /lib/x86_64-linux-gnu/libnss_compat-2.19.so
7fc785767000-7fc785768000 r--p 00008000 08:07 1577036                    /lib/x86_64-linux-gnu/libnss_compat-2.19.so
7fc785768000-7fc785769000 rw-p 00009000 08:07 1577036                    /lib/x86_64-linux-gnu/libnss_compat-2.19.so
7fc785769000-7fc785793000 r-xp 00000000 08:07 1199152                    /usr/lib/jvm/java-8-oracle/jre/lib/amd64/libjava.so
7fc785793000-7fc785993000 ---p 0002a000 08:07 1199152                    /usr/lib/jvm/java-8-oracle/jre/lib/amd64/libjava.so
7fc785993000-7fc785995000 rw-p 0002a000 08:07 1199152                    /usr/lib/jvm/java-8-oracle/jre/lib/amd64/libjava.so
7fc785995000-7fc7859a2000 r-xp 00000000 08:07 1199166                    /usr/lib/jvm/java-8-oracle/jre/lib/amd64/libverify.so
7fc7859a2000-7fc785ba2000 ---p 0000d000 08:07 1199166                    /usr/lib/jvm/java-8-oracle/jre/lib/amd64/libverify.so
7fc785ba2000-7fc785ba4000 rw-p 0000d000 08:07 1199166                    /usr/lib/jvm/java-8-oracle/jre/lib/amd64/libverify.so
7fc785ba4000-7fc785bab000 r-xp 00000000 08:07 1577093                    /lib/x86_64-linux-gnu/librt-2.19.so
7fc785bab000-7fc785daa000 ---p 00007000 08:07 1577093                    /lib/x86_64-linux-gnu/librt-2.19.so
7fc785daa000-7fc785dab000 r--p 00006000 08:07 1577093                    /lib/x86_64-linux-gnu/librt-2.19.so
7fc785dab000-7fc785dac000 rw-p 00007000 08:07 1577093                    /lib/x86_64-linux-gnu/librt-2.19.so
7fc785dac000-7fc785eb1000 r-xp 00000000 08:07 1577015                    /lib/x86_64-linux-gnu/libm-2.19.so
7fc785eb1000-7fc7860b0000 ---p 00105000 08:07 1577015                    /lib/x86_64-linux-gnu/libm-2.19.so
7fc7860b0000-7fc7860b1000 r--p 00104000 08:07 1577015                    /lib/x86_64-linux-gnu/libm-2.19.so
7fc7860b1000-7fc7860b2000 rw-p 00105000 08:07 1577015                    /lib/x86_64-linux-gnu/libm-2.19.so
7fc7860b2000-7fc786d75000 r-xp 00000000 08:07 1316699                    /usr/lib/jvm/java-8-oracle/jre/lib/amd64/server/libjvm.so
7fc786d75000-7fc786f74000 ---p 00cc3000 08:07 1316699                    /usr/lib/jvm/java-8-oracle/jre/lib/amd64/server/libjvm.so
7fc786f74000-7fc78704d000 rw-p 00cc2000 08:07 1316699                    /usr/lib/jvm/java-8-oracle/jre/lib/amd64/server/libjvm.so
7fc78704d000-7fc787098000 rw-p 00000000 00:00 0 
7fc787098000-7fc787254000 r-xp 00000000 08:07 1576965                    /lib/x86_64-linux-gnu/libc-2.19.so
7fc787254000-7fc787453000 ---p 001bc000 08:07 1576965                    /lib/x86_64-linux-gnu/libc-2.19.so
7fc787453000-7fc787457000 r--p 001bb000 08:07 1576965                    /lib/x86_64-linux-gnu/libc-2.19.so
7fc787457000-7fc787459000 rw-p 001bf000 08:07 1576965                    /lib/x86_64-linux-gnu/libc-2.19.so
7fc787459000-7fc78745e000 rw-p 00000000 00:00 0 
7fc78745e000-7fc787461000 r-xp 00000000 08:07 1576982                    /lib/x86_64-linux-gnu/libdl-2.19.so
7fc787461000-7fc787660000 ---p 00003000 08:07 1576982                    /lib/x86_64-linux-gnu/libdl-2.19.so
7fc787660000-7fc787661000 r--p 00002000 08:07 1576982                    /lib/x86_64-linux-gnu/libdl-2.19.so
7fc787661000-7fc787662000 rw-p 00003000 08:07 1576982                    /lib/x86_64-linux-gnu/libdl-2.19.so
7fc787662000-7fc787677000 r-xp 00000000 08:07 1446900                    /usr/lib/jvm/java-8-oracle/jre/lib/amd64/jli/libjli.so
7fc787677000-7fc787877000 ---p 00015000 08:07 1446900                    /usr/lib/jvm/java-8-oracle/jre/lib/amd64/jli/libjli.so
7fc787877000-7fc787878000 rw-p 00015000 08:07 1446900                    /usr/lib/jvm/java-8-oracle/jre/lib/amd64/jli/libjli.so
7fc787878000-7fc787891000 r-xp 00000000 08:07 1577085                    /lib/x86_64-linux-gnu/libpthread-2.19.so
7fc787891000-7fc787a90000 ---p 00019000 08:07 1577085                    /lib/x86_64-linux-gnu/libpthread-2.19.so
7fc787a90000-7fc787a91000 r--p 00018000 08:07 1577085                    /lib/x86_64-linux-gnu/libpthread-2.19.so
7fc787a91000-7fc787a92000 rw-p 00019000 08:07 1577085                    /lib/x86_64-linux-gnu/libpthread-2.19.so
7fc787a92000-7fc787a96000 rw-p 00000000 00:00 0 
7fc787a96000-7fc787ab9000 r-xp 00000000 08:07 1576941                    /lib/x86_64-linux-gnu/ld-2.19.so
7fc787ab9000-7fc787aba000 r--s 00002000 08:07 1974966                    /opt/play-2.2.1/framework/sbt/boot/scala-2.10.6/org.scala-sbt/sbt/0.13.11/launcher-interface-1.0.0-M1.jar
7fc787aba000-7fc787ad3000 r--s 000fc000 08:07 1975427                    /opt/play-2.2.1/framework/sbt/sbt-launch.jar
7fc787ad3000-7fc787b9b000 rw-p 00000000 00:00 0 
7fc787b9b000-7fc787b9e000 ---p 00000000 00:00 0 
7fc787b9e000-7fc787ca0000 rw-p 00000000 00:00 0                          [stack:10195]
7fc787ca0000-7fc787ca2000 r--s 00015000 08:07 1974964                    /opt/play-2.2.1/framework/sbt/boot/scala-2.10.6/org.scala-sbt/sbt/0.13.11/classfile-0.13.11.jar
7fc787ca2000-7fc787ca5000 r--s 0001e000 08:07 1974945                    /opt/play-2.2.1/framework/sbt/boot/scala-2.10.6/org.scala-sbt/sbt/0.13.11/run-0.13.11.jar
7fc787ca5000-7fc787ca9000 r--s 00025000 08:07 1975000                    /opt/play-2.2.1/framework/sbt/boot/scala-2.10.6/lib/jline.jar
7fc787ca9000-7fc787cac000 r--s 00018000 08:07 1974998                    /opt/play-2.2.1/framework/sbt/boot/scala-2.10.6/lib/jansi.jar
7fc787cac000-7fc787cb4000 rw-s 00000000 08:07 2623330                    /tmp/hsperfdata_root/10194
7fc787cb4000-7fc787cb5000 rw-p 00000000 00:00 0 
7fc787cb5000-7fc787cb6000 ---p 00000000 00:00 0 
7fc787cb6000-7fc787cb8000 rw-p 00000000 00:00 0 
7fc787cb8000-7fc787cb9000 r--p 00022000 08:07 1576941                    /lib/x86_64-linux-gnu/ld-2.19.so
7fc787cb9000-7fc787cba000 rw-p 00023000 08:07 1576941                    /lib/x86_64-linux-gnu/ld-2.19.so
7fc787cba000-7fc787cbb000 rw-p 00000000 00:00 0 
7fff040c6000-7fff040e7000 rw-p 00000000 00:00 0                          [stack]
7fff041fe000-7fff04200000 r-xp 00000000 00:00 0                          [vdso]
ffffffffff600000-ffffffffff601000 r-xp 00000000 00:00 0                  [vsyscall]

VM Arguments:
jvm_args: -Xms512M -Xmx1536M -Xss1M -XX:ReservedCodeCacheSize=192m -XX:+CMSClassUnloadingEnabled -XX:MaxPermSize=512M -Dfile.encoding=UTF-8 -Dplay.version=2.2.1 -Dplay.home=/opt/play-2.2.1/framework -Dsbt.boot.properties=/opt/play-2.2.1/framework/sbt/sbt.boot.properties 
java_command: /opt/play-2.2.1/framework/sbt/sbt-launch.jar run
java_class_path (initial): /opt/play-2.2.1/framework/sbt/sbt-launch.jar
Launcher Type: SUN_STANDARD

Environment Variables:
PATH=/usr/local/sbin:/usr/local/bin:/usr/sbin:/usr/bin:/sbin:/bin
USERNAME=root
SHELL=/bin/bash
DISPLAY=:0

Signal Handlers:
SIGSEGV: [libjvm.so+0xabdee0], sa_mask[0]=11111111011111111101111111111110, sa_flags=SA_RESTART|SA_SIGINFO
SIGBUS: [libjvm.so+0xabdee0], sa_mask[0]=11111111011111111101111111111110, sa_flags=SA_RESTART|SA_SIGINFO
SIGFPE: [libjvm.so+0x91a580], sa_mask[0]=11111111011111111101111111111110, sa_flags=SA_RESTART|SA_SIGINFO
SIGPIPE: [libjvm.so+0x91a580], sa_mask[0]=11111111011111111101111111111110, sa_flags=SA_RESTART|SA_SIGINFO
SIGXFSZ: [libjvm.so+0x91a580], sa_mask[0]=11111111011111111101111111111110, sa_flags=SA_RESTART|SA_SIGINFO
SIGILL: [libjvm.so+0x91a580], sa_mask[0]=11111111011111111101111111111110, sa_flags=SA_RESTART|SA_SIGINFO
SIGUSR1: SIG_DFL, sa_mask[0]=00000000000000000000000000000000, sa_flags=none
SIGUSR2: [libjvm.so+0x91bbb0], sa_mask[0]=00000000000000000000000000000000, sa_flags=SA_RESTART|SA_SIGINFO
SIGHUP: [libjvm.so+0x91cfb0], sa_mask[0]=11111111011111111101111111111110, sa_flags=SA_RESTART|SA_SIGINFO
SIGINT: [libjvm.so+0x91cfb0], sa_mask[0]=11111111011111111101111111111110, sa_flags=SA_RESTART|SA_SIGINFO
SIGTERM: [libjvm.so+0x91cfb0], sa_mask[0]=11111111011111111101111111111110, sa_flags=SA_RESTART|SA_SIGINFO
SIGQUIT: [libjvm.so+0x91cfb0], sa_mask[0]=11111111011111111101111111111110, sa_flags=SA_RESTART|SA_SIGINFO


---------------  S Y S T E M  ---------------

OS:DISTRIB_ID=Ubuntu
DISTRIB_RELEASE=14.04
DISTRIB_CODENAME=trusty
DISTRIB_DESCRIPTION="Ubuntu 14.04 LTS"

uname:Linux 3.13.0-24-generic #46-Ubuntu SMP Thu Apr 10 19:11:08 UTC 2014 x86_64
libc:glibc 2.19 NPTL 2.19 
rlimit: STACK 8192k, CORE 0k, NPROC 27248, NOFILE 4096, AS infinity
load average:3.66 1.81 1.29

/proc/meminfo:
MemTotal:        3509304 kB
MemFree:          165316 kB
Buffers:            1568 kB
Cached:           228892 kB
SwapCached:            0 kB
Active:          2958204 kB
Inactive:         159392 kB
Active(anon):    2895020 kB
Inactive(anon):    95584 kB
Active(file):      63184 kB
Inactive(file):    63808 kB
Unevictable:          72 kB
Mlocked:              72 kB
SwapTotal:             0 kB
SwapFree:              0 kB
Dirty:               160 kB
Writeback:             0 kB
AnonPages:       2887416 kB
Mapped:           212260 kB
Shmem:            103204 kB
Slab:              64328 kB
SReclaimable:      27504 kB
SUnreclaim:        36824 kB
KernelStack:        5368 kB
PageTables:        55412 kB
NFS_Unstable:          0 kB
Bounce:                0 kB
WritebackTmp:          0 kB
CommitLimit:     1754652 kB
Committed_AS:   14413800 kB
VmallocTotal:   34359738367 kB
VmallocUsed:      104480 kB
VmallocChunk:   34359567860 kB
HardwareCorrupted:     0 kB
AnonHugePages:    278528 kB
HugePages_Total:       0
HugePages_Free:        0
HugePages_Rsvd:        0
HugePages_Surp:        0
Hugepagesize:       2048 kB
DirectMap4k:       87848 kB
DirectMap2M:     3559424 kB
DirectMap1G:           0 kB


CPU:total 4 (4 cores per cpu, 1 threads per core) family 18 model 1 stepping 0, cmov, cx8, fxsr, mmx, sse, sse2, sse3, popcnt, mmxext, 3dnowpref, lzcnt, sse4a, tsc, tscinvbit, tscinv

/proc/cpuinfo:
processor	: 0
vendor_id	: AuthenticAMD
cpu family	: 18
model		: 1
model name	: AMD A6-3420M APU with Radeon(tm) HD Graphics
stepping	: 0
microcode	: 0x3000027
cpu MHz		: 800.000
cache size	: 1024 KB
physical id	: 0
siblings	: 4
core id		: 0
cpu cores	: 4
apicid		: 0
initial apicid	: 0
fpu		: yes
fpu_exception	: yes
cpuid level	: 6
wp		: yes
flags		: fpu vme de pse tsc msr pae mce cx8 apic sep mtrr pge mca cmov pat pse36 clflush mmx fxsr sse sse2 ht syscall nx mmxext fxsr_opt pdpe1gb rdtscp lm 3dnowext 3dnow constant_tsc rep_good nopl nonstop_tsc extd_apicid aperfmperf pni monitor cx16 popcnt lahf_lm cmp_legacy svm extapic cr8_legacy abm sse4a misalignsse 3dnowprefetch osvw ibs skinit wdt arat cpb hw_pstate npt lbrv svm_lock nrip_save pausefilter
bogomips	: 2994.75
TLB size	: 1536 4K pages
clflush size	: 64
cache_alignment	: 64
address sizes	: 40 bits physical, 48 bits virtual
power management: ts ttp tm stc 100mhzsteps hwpstate cpb

processor	: 1
vendor_id	: AuthenticAMD
cpu family	: 18
model		: 1
model name	: AMD A6-3420M APU with Radeon(tm) HD Graphics
stepping	: 0
microcode	: 0x3000027
cpu MHz		: 800.000
cache size	: 1024 KB
physical id	: 0
siblings	: 4
core id		: 1
cpu cores	: 4
apicid		: 1
initial apicid	: 1
fpu		: yes
fpu_exception	: yes
cpuid level	: 6
wp		: yes
flags		: fpu vme de pse tsc msr pae mce cx8 apic sep mtrr pge mca cmov pat pse36 clflush mmx fxsr sse sse2 ht syscall nx mmxext fxsr_opt pdpe1gb rdtscp lm 3dnowext 3dnow constant_tsc rep_good nopl nonstop_tsc extd_apicid aperfmperf pni monitor cx16 popcnt lahf_lm cmp_legacy svm extapic cr8_legacy abm sse4a misalignsse 3dnowprefetch osvw ibs skinit wdt arat cpb hw_pstate npt lbrv svm_lock nrip_save pausefilter
bogomips	: 2994.75
TLB size	: 1536 4K pages
clflush size	: 64
cache_alignment	: 64
address sizes	: 40 bits physical, 48 bits virtual
power management: ts ttp tm stc 100mhzsteps hwpstate cpb

processor	: 2
vendor_id	: AuthenticAMD
cpu family	: 18
model		: 1
model name	: AMD A6-3420M APU with Radeon(tm) HD Graphics
stepping	: 0
microcode	: 0x3000027
cpu MHz		: 1500.000
cache size	: 1024 KB
physical id	: 0
siblings	: 4
core id		: 2
cpu cores	: 4
apicid		: 2
initial apicid	: 2
fpu		: yes
fpu_exception	: yes
cpuid level	: 6
wp		: yes
flags		: fpu vme de pse tsc msr pae mce cx8 apic sep mtrr pge mca cmov pat pse36 clflush mmx fxsr sse sse2 ht syscall nx mmxext fxsr_opt pdpe1gb rdtscp lm 3dnowext 3dnow constant_tsc rep_good nopl nonstop_tsc extd_apicid aperfmperf pni monitor cx16 popcnt lahf_lm cmp_legacy svm extapic cr8_legacy abm sse4a misalignsse 3dnowprefetch osvw ibs skinit wdt arat cpb hw_pstate npt lbrv svm_lock nrip_save pausefilter
bogomips	: 2994.75
TLB size	: 1536 4K pages
clflush size	: 64
cache_alignment	: 64
address sizes	: 40 bits physical, 48 bits virtual
power management: ts ttp tm stc 100mhzsteps hwpstate cpb

processor	: 3
vendor_id	: AuthenticAMD
cpu family	: 18
model		: 1
model name	: AMD A6-3420M APU with Radeon(tm) HD Graphics
stepping	: 0
microcode	: 0x3000027
cpu MHz		: 800.000
cache size	: 1024 KB
physical id	: 0
siblings	: 4
core id		: 3
cpu cores	: 4
apicid		: 3
initial apicid	: 3
fpu		: yes
fpu_exception	: yes
cpuid level	: 6
wp		: yes
flags		: fpu vme de pse tsc msr pae mce cx8 apic sep mtrr pge mca cmov pat pse36 clflush mmx fxsr sse sse2 ht syscall nx mmxext fxsr_opt pdpe1gb rdtscp lm 3dnowext 3dnow constant_tsc rep_good nopl nonstop_tsc extd_apicid aperfmperf pni monitor cx16 popcnt lahf_lm cmp_legacy svm extapic cr8_legacy abm sse4a misalignsse 3dnowprefetch osvw ibs skinit wdt arat cpb hw_pstate npt lbrv svm_lock nrip_save pausefilter
bogomips	: 2994.75
TLB size	: 1536 4K pages
clflush size	: 64
cache_alignment	: 64
address sizes	: 40 bits physical, 48 bits virtual
power management: ts ttp tm stc 100mhzsteps hwpstate cpb



Memory: 4k page, physical 3509304k(165316k free), swap 0k(0k free)

vm_info: Java HotSpot(TM) 64-Bit Server VM (25.92-b14) for linux-amd64 JRE (1.8.0_92-b14), built on Mar 31 2016 21:08:29 by "java_re" with gcc 4.3.0 20080428 (Red Hat 4.3.0-8)

time: Tue Apr 26 00:37:38 2016
elapsed time: 2460 seconds (0d 0h 41m 0s)

